2024-07-06 12:36:58,587 - INFO - Processing query: AS204601
2024-07-06 12:36:58,588 - INFO - Retrieving IP ranges for ASN: 204601
2024-07-06 12:36:58,591 - DEBUG - Starting new HTTPS connection (1): bgp.he.net:443
2024-07-06 12:36:59,187 - DEBUG - https://bgp.he.net:443 "GET /AS204601 HTTP/1.1" 200 148483
2024-07-06 12:36:59,806 - INFO - IP ranges retrieved for ASN: 204601
2024-07-06 12:36:59,806 - INFO - Saving output for query: AS204601 in format: csv
2024-07-06 12:36:59,839 - INFO - Processing query: AS397423
2024-07-06 12:36:59,840 - INFO - Retrieving IP ranges for ASN: 397423
2024-07-06 12:36:59,841 - DEBUG - Starting new HTTPS connection (1): bgp.he.net:443
2024-07-06 12:37:00,536 - DEBUG - https://bgp.he.net:443 "GET /AS397423 HTTP/1.1" 200 210336
2024-07-06 12:37:01,441 - INFO - IP ranges retrieved for ASN: 397423
2024-07-06 12:37:01,441 - INFO - Saving output for query: AS397423 in format: csv
2024-07-06 12:37:03,154 - INFO - Processing query: AS33387
2024-07-06 12:37:03,155 - INFO - Retrieving IP ranges for ASN: 33387
2024-07-06 12:37:03,156 - DEBUG - Starting new HTTPS connection (1): bgp.he.net:443
2024-07-06 12:37:03,920 - DEBUG - https://bgp.he.net:443 "GET /AS33387 HTTP/1.1" 200 101271
2024-07-06 12:37:04,412 - INFO - IP ranges retrieved for ASN: 33387
2024-07-06 12:37:04,413 - INFO - Saving output for query: AS33387 in format: csv
2024-07-06 12:37:04,416 - INFO - Processing query: AS13335
2024-07-06 12:37:04,416 - INFO - Retrieving IP ranges for ASN: 13335
2024-07-06 12:37:04,417 - DEBUG - Starting new HTTPS connection (1): bgp.he.net:443
2024-07-06 12:37:05,051 - DEBUG - https://bgp.he.net:443 "GET /AS13335 HTTP/1.1" 200 3156133
2024-07-06 12:37:11,412 - INFO - IP ranges retrieved for ASN: 13335
2024-07-06 12:37:11,418 - INFO - Saving output for query: AS13335 in format: csv
2024-07-06 12:37:11,428 - INFO - Processing query: AS22612
2024-07-06 12:37:11,429 - INFO - Retrieving IP ranges for ASN: 22612
2024-07-06 12:37:11,430 - DEBUG - Starting new HTTPS connection (1): bgp.he.net:443
2024-07-06 12:37:12,005 - DEBUG - https://bgp.he.net:443 "GET /AS22612 HTTP/1.1" 200 225127
2024-07-06 12:37:12,994 - INFO - IP ranges retrieved for ASN: 22612
2024-07-06 12:37:12,994 - INFO - Saving output for query: AS22612 in format: csv
2024-07-06 12:37:13,000 - INFO - Processing query: AS59371
2024-07-06 12:37:13,000 - INFO - Retrieving IP ranges for ASN: 59371
2024-07-06 12:37:13,002 - DEBUG - Starting new HTTPS connection (1): bgp.he.net:443
2024-07-06 12:37:13,608 - DEBUG - https://bgp.he.net:443 "GET /AS59371 HTTP/1.1" 200 137671
2024-07-06 12:37:14,908 - INFO - IP ranges retrieved for ASN: 59371
2024-07-06 12:37:14,908 - INFO - Saving output for query: AS59371 in format: csv
2024-07-06 12:37:14,954 - INFO - Processing query: AS47583
2024-07-06 12:37:14,954 - INFO - Retrieving IP ranges for ASN: 47583
2024-07-06 12:37:14,955 - DEBUG - Starting new HTTPS connection (1): bgp.he.net:443
2024-07-06 12:37:15,574 - DEBUG - https://bgp.he.net:443 "GET /AS47583 HTTP/1.1" 200 461721
2024-07-06 12:37:17,410 - INFO - IP ranges retrieved for ASN: 47583
2024-07-06 12:37:17,411 - INFO - Saving output for query: AS47583 in format: csv
2024-07-06 12:37:17,438 - INFO - Processing query: AS7506
2024-07-06 12:37:17,438 - INFO - Retrieving IP ranges for ASN: 7506
2024-07-06 12:37:17,439 - DEBUG - Starting new HTTPS connection (1): bgp.he.net:443
2024-07-06 12:37:18,052 - DEBUG - https://bgp.he.net:443 "GET /AS7506 HTTP/1.1" 200 103934
2024-07-06 12:37:18,675 - INFO - IP ranges retrieved for ASN: 7506
2024-07-06 12:37:18,676 - INFO - Saving output for query: AS7506 in format: csv
2024-07-06 12:37:18,721 - INFO - Processing query: AS19871
2024-07-06 12:37:18,721 - INFO - Retrieving IP ranges for ASN: 19871
2024-07-06 12:37:18,722 - DEBUG - Starting new HTTPS connection (1): bgp.he.net:443
2024-07-06 12:37:19,328 - DEBUG - https://bgp.he.net:443 "GET /AS19871 HTTP/1.1" 200 236230
2024-07-06 12:37:20,625 - INFO - IP ranges retrieved for ASN: 19871
2024-07-06 12:37:20,626 - INFO - Saving output for query: AS19871 in format: csv
2024-07-06 12:37:20,629 - INFO - Processing query: AS50613
2024-07-06 12:37:20,630 - INFO - Retrieving IP ranges for ASN: 50613
2024-07-06 12:37:20,631 - DEBUG - Starting new HTTPS connection (1): bgp.he.net:443
2024-07-06 12:37:21,545 - DEBUG - https://bgp.he.net:443 "GET /AS50613 HTTP/1.1" 200 80410
2024-07-06 12:37:21,979 - INFO - IP ranges retrieved for ASN: 50613
2024-07-06 12:37:21,980 - INFO - Saving output for query: AS50613 in format: csv
2024-07-06 12:37:21,984 - INFO - Processing query: AS209242
2024-07-06 12:37:21,984 - INFO - Retrieving IP ranges for ASN: 209242
2024-07-06 12:37:21,985 - DEBUG - Starting new HTTPS connection (1): bgp.he.net:443
2024-07-06 12:37:22,545 - DEBUG - https://bgp.he.net:443 "GET /AS209242 HTTP/1.1" 200 236507
2024-07-06 12:37:23,466 - INFO - IP ranges retrieved for ASN: 209242
2024-07-06 12:37:23,467 - INFO - Saving output for query: AS209242 in format: csv
2024-07-06 12:37:23,473 - INFO - Processing query: AS55933
2024-07-06 12:37:23,474 - INFO - Retrieving IP ranges for ASN: 55933
2024-07-06 12:37:23,474 - DEBUG - Starting new HTTPS connection (1): bgp.he.net:443
2024-07-06 12:37:24,079 - DEBUG - https://bgp.he.net:443 "GET /AS55933 HTTP/1.1" 200 280936
2024-07-06 12:37:25,210 - INFO - IP ranges retrieved for ASN: 55933
2024-07-06 12:37:25,211 - INFO - Saving output for query: AS55933 in format: csv
2024-07-06 12:37:25,231 - INFO - Processing query: AS32097
2024-07-06 12:37:25,231 - INFO - Retrieving IP ranges for ASN: 32097
2024-07-06 12:37:25,233 - DEBUG - Starting new HTTPS connection (1): bgp.he.net:443
2024-07-06 12:37:25,852 - DEBUG - https://bgp.he.net:443 "GET /AS32097 HTTP/1.1" 200 219678
2024-07-06 12:37:27,059 - INFO - IP ranges retrieved for ASN: 32097
2024-07-06 12:37:27,060 - INFO - Saving output for query: AS32097 in format: csv
2024-07-06 12:37:27,064 - INFO - Processing query: AS54113
2024-07-06 12:37:27,064 - INFO - Retrieving IP ranges for ASN: 54113
2024-07-06 12:37:27,066 - DEBUG - Starting new HTTPS connection (1): bgp.he.net:443
2024-07-06 12:37:27,696 - DEBUG - https://bgp.he.net:443 "GET /AS54113 HTTP/1.1" 200 1085764
2024-07-06 12:37:30,943 - INFO - IP ranges retrieved for ASN: 54113
2024-07-06 12:37:30,944 - INFO - Saving output for query: AS54113 in format: csv
2024-07-06 12:37:30,982 - INFO - Processing query: AS399077
2024-07-06 12:37:30,982 - INFO - Retrieving IP ranges for ASN: 399077
2024-07-06 12:37:30,986 - DEBUG - Starting new HTTPS connection (1): bgp.he.net:443
2024-07-06 12:37:31,611 - DEBUG - https://bgp.he.net:443 "GET /AS399077 HTTP/1.1" 200 389645
2024-07-06 12:37:33,448 - INFO - IP ranges retrieved for ASN: 399077
2024-07-06 12:37:33,448 - INFO - Saving output for query: AS399077 in format: csv
2024-07-06 12:37:33,468 - INFO - Processing query: AS7979
2024-07-06 12:37:33,469 - INFO - Retrieving IP ranges for ASN: 7979
2024-07-06 12:37:33,472 - DEBUG - Starting new HTTPS connection (1): bgp.he.net:443
2024-07-06 12:37:34,076 - DEBUG - https://bgp.he.net:443 "GET /AS7979 HTTP/1.1" 200 696732
2024-07-06 12:37:38,257 - INFO - IP ranges retrieved for ASN: 7979
2024-07-06 12:37:38,258 - INFO - Saving output for query: AS7979 in format: csv
2024-07-06 12:37:38,335 - INFO - Processing query: AS133199
2024-07-06 12:37:38,335 - INFO - Retrieving IP ranges for ASN: 133199
2024-07-06 12:37:38,339 - DEBUG - Starting new HTTPS connection (1): bgp.he.net:443
2024-07-06 12:37:39,253 - DEBUG - https://bgp.he.net:443 "GET /AS133199 HTTP/1.1" 200 187467
2024-07-06 12:37:40,299 - INFO - IP ranges retrieved for ASN: 133199
2024-07-06 12:37:40,300 - INFO - Saving output for query: AS133199 in format: csv
2024-07-06 12:37:40,327 - INFO - Processing query: AS140224
2024-07-06 12:37:40,327 - INFO - Retrieving IP ranges for ASN: 140224
2024-07-06 12:37:40,328 - DEBUG - Starting new HTTPS connection (1): bgp.he.net:443
2024-07-06 12:37:40,959 - DEBUG - https://bgp.he.net:443 "GET /AS140224 HTTP/1.1" 200 322660
2024-07-06 12:37:42,129 - INFO - IP ranges retrieved for ASN: 140224
2024-07-06 12:37:42,130 - INFO - Saving output for query: AS140224 in format: csv
2024-07-06 12:37:42,158 - INFO - Processing query: AS140227
2024-07-06 12:37:42,158 - INFO - Retrieving IP ranges for ASN: 140227
2024-07-06 12:37:42,159 - DEBUG - Starting new HTTPS connection (1): bgp.he.net:443
2024-07-06 12:37:42,743 - DEBUG - https://bgp.he.net:443 "GET /AS140227 HTTP/1.1" 200 195495
2024-07-06 12:37:43,527 - INFO - IP ranges retrieved for ASN: 140227
2024-07-06 12:37:43,528 - INFO - Saving output for query: AS140227 in format: csv
2024-07-06 12:37:43,531 - INFO - Processing query: AS138915
2024-07-06 12:37:43,531 - INFO - Retrieving IP ranges for ASN: 138915
2024-07-06 12:37:43,533 - DEBUG - Starting new HTTPS connection (1): bgp.he.net:443
2024-07-06 12:37:44,129 - DEBUG - https://bgp.he.net:443 "GET /AS138915 HTTP/1.1" 200 578005
2024-07-06 12:37:47,041 - INFO - IP ranges retrieved for ASN: 138915
2024-07-06 12:37:47,136 - INFO - Saving output for query: AS138915 in format: csv
2024-07-07 00:06:15,765 - INFO - Processing query: AS204601
2024-07-07 00:06:15,765 - INFO - Retrieving IP ranges for ASN: 204601
2024-07-07 00:06:15,767 - DEBUG - Starting new HTTPS connection (1): bgp.he.net:443
2024-07-07 00:06:16,311 - DEBUG - https://bgp.he.net:443 "GET /AS204601 HTTP/11" 200 148483
2024-07-07 00:06:16,536 - INFO - IP ranges retrieved for ASN: 204601
2024-07-07 00:06:16,536 - INFO - Saving output for query: AS204601 in format: csv
2024-07-07 00:06:16,538 - INFO - Processing query: AS397423
2024-07-07 00:06:16,538 - INFO - Retrieving IP ranges for ASN: 397423
2024-07-07 00:06:16,540 - DEBUG - Starting new HTTPS connection (1): bgp.he.net:443
2024-07-07 00:06:17,088 - DEBUG - https://bgp.he.net:443 "GET /AS397423 HTTP/11" 200 210575
2024-07-07 00:06:17,411 - INFO - IP ranges retrieved for ASN: 397423
2024-07-07 00:06:17,412 - INFO - Saving output for query: AS397423 in format: csv
2024-07-07 00:06:17,413 - INFO - Processing query: AS33387
2024-07-07 00:06:17,413 - INFO - Retrieving IP ranges for ASN: 33387
2024-07-07 00:06:17,414 - DEBUG - Starting new HTTPS connection (1): bgp.he.net:443
2024-07-07 00:06:17,578 - DEBUG - https://bgp.he.net:443 "GET /AS33387 HTTP/11" 200 101270
2024-07-07 00:06:17,758 - INFO - IP ranges retrieved for ASN: 33387
2024-07-07 00:06:17,758 - INFO - Saving output for query: AS33387 in format: csv
2024-07-07 00:06:17,759 - INFO - Processing query: AS13335
2024-07-07 00:06:17,759 - INFO - Retrieving IP ranges for ASN: 13335
2024-07-07 00:06:17,761 - DEBUG - Starting new HTTPS connection (1): bgp.he.net:443
2024-07-07 00:06:17,946 - DEBUG - https://bgp.he.net:443 "GET /AS13335 HTTP/11" 200 3153351
2024-07-07 00:06:20,763 - INFO - IP ranges retrieved for ASN: 13335
2024-07-07 00:06:20,764 - INFO - Saving output for query: AS13335 in format: csv
2024-07-07 00:06:20,769 - INFO - Processing query: AS22612
2024-07-07 00:06:20,769 - INFO - Retrieving IP ranges for ASN: 22612
2024-07-07 00:06:20,770 - DEBUG - Starting new HTTPS connection (1): bgp.he.net:443
2024-07-07 00:06:21,392 - DEBUG - https://bgp.he.net:443 "GET /AS22612 HTTP/11" 200 225090
2024-07-07 00:06:21,708 - INFO - IP ranges retrieved for ASN: 22612
2024-07-07 00:06:21,709 - INFO - Saving output for query: AS22612 in format: csv
2024-07-07 00:06:21,710 - INFO - Processing query: AS59371
2024-07-07 00:06:21,710 - INFO - Retrieving IP ranges for ASN: 59371
2024-07-07 00:06:21,711 - DEBUG - Starting new HTTPS connection (1): bgp.he.net:443
2024-07-07 00:06:22,094 - DEBUG - https://bgp.he.net:443 "GET /AS59371 HTTP/11" 200 137276
2024-07-07 00:06:22,330 - INFO - IP ranges retrieved for ASN: 59371
2024-07-07 00:06:22,331 - INFO - Saving output for query: AS59371 in format: csv
2024-07-07 00:06:22,332 - INFO - Processing query: AS47583
2024-07-07 00:06:22,332 - INFO - Retrieving IP ranges for ASN: 47583
2024-07-07 00:06:22,333 - DEBUG - Starting new HTTPS connection (1): bgp.he.net:443
2024-07-07 00:06:22,497 - DEBUG - https://bgp.he.net:443 "GET /AS47583 HTTP/11" 200 461760
2024-07-07 00:06:23,287 - INFO - IP ranges retrieved for ASN: 47583
2024-07-07 00:06:23,287 - INFO - Saving output for query: AS47583 in format: csv
2024-07-07 00:06:23,289 - INFO - Processing query: AS7506
2024-07-07 00:06:23,289 - INFO - Retrieving IP ranges for ASN: 7506
2024-07-07 00:06:23,290 - DEBUG - Starting new HTTPS connection (1): bgp.he.net:443
2024-07-07 00:06:23,454 - DEBUG - https://bgp.he.net:443 "GET /AS7506 HTTP/11" 200 103934
2024-07-07 00:06:23,648 - INFO - IP ranges retrieved for ASN: 7506
2024-07-07 00:06:23,648 - INFO - Saving output for query: AS7506 in format: csv
2024-07-07 00:06:23,649 - INFO - Processing query: AS19871
2024-07-07 00:06:23,649 - INFO - Retrieving IP ranges for ASN: 19871
2024-07-07 00:06:23,651 - DEBUG - Starting new HTTPS connection (1): bgp.he.net:443
2024-07-07 00:06:24,265 - DEBUG - https://bgp.he.net:443 "GET /AS19871 HTTP/11" 200 236223
2024-07-07 00:06:24,592 - INFO - IP ranges retrieved for ASN: 19871
2024-07-07 00:06:24,592 - INFO - Saving output for query: AS19871 in format: csv
2024-07-07 00:06:24,593 - INFO - Processing query: AS50613
2024-07-07 00:06:24,593 - INFO - Retrieving IP ranges for ASN: 50613
2024-07-07 00:06:24,595 - DEBUG - Starting new HTTPS connection (1): bgp.he.net:443
2024-07-07 00:06:24,758 - DEBUG - https://bgp.he.net:443 "GET /AS50613 HTTP/11" 200 80410
2024-07-07 00:06:24,882 - INFO - IP ranges retrieved for ASN: 50613
2024-07-07 00:06:24,882 - INFO - Saving output for query: AS50613 in format: csv
2024-07-07 00:06:24,882 - INFO - Processing query: AS209242
2024-07-07 00:06:24,882 - INFO - Retrieving IP ranges for ASN: 209242
2024-07-07 00:06:24,884 - DEBUG - Starting new HTTPS connection (1): bgp.he.net:443
2024-07-07 00:06:25,046 - DEBUG - https://bgp.he.net:443 "GET /AS209242 HTTP/11" 200 236518
2024-07-07 00:06:25,405 - INFO - IP ranges retrieved for ASN: 209242
2024-07-07 00:06:25,405 - INFO - Saving output for query: AS209242 in format: csv
2024-07-07 00:06:25,406 - INFO - Processing query: AS55933
2024-07-07 00:06:25,406 - INFO - Retrieving IP ranges for ASN: 55933
2024-07-07 00:06:25,407 - DEBUG - Starting new HTTPS connection (1): bgp.he.net:443
2024-07-07 00:06:25,571 - DEBUG - https://bgp.he.net:443 "GET /AS55933 HTTP/11" 200 282012
2024-07-07 00:06:25,939 - INFO - IP ranges retrieved for ASN: 55933
2024-07-07 00:06:25,939 - INFO - Saving output for query: AS55933 in format: csv
2024-07-07 00:06:25,941 - INFO - Processing query: AS32097
2024-07-07 00:06:25,941 - INFO - Retrieving IP ranges for ASN: 32097
2024-07-07 00:06:25,942 - DEBUG - Starting new HTTPS connection (1): bgp.he.net:443
2024-07-07 00:06:26,340 - DEBUG - https://bgp.he.net:443 "GET /AS32097 HTTP/11" 200 219539
2024-07-07 00:06:26,683 - INFO - IP ranges retrieved for ASN: 32097
2024-07-07 00:06:26,684 - INFO - Saving output for query: AS32097 in format: csv
2024-07-07 00:06:26,685 - INFO - Processing query: AS54113
2024-07-07 00:06:26,685 - INFO - Retrieving IP ranges for ASN: 54113
2024-07-07 00:06:26,686 - DEBUG - Starting new HTTPS connection (1): bgp.he.net:443
2024-07-07 00:06:26,856 - DEBUG - https://bgp.he.net:443 "GET /AS54113 HTTP/11" 200 1085321
2024-07-07 00:06:28,016 - INFO - IP ranges retrieved for ASN: 54113
2024-07-07 00:06:28,017 - INFO - Saving output for query: AS54113 in format: csv
2024-07-07 00:06:28,019 - INFO - Processing query: AS399077
2024-07-07 00:06:28,019 - INFO - Retrieving IP ranges for ASN: 399077
2024-07-07 00:06:28,020 - DEBUG - Starting new HTTPS connection (1): bgp.he.net:443
2024-07-07 00:06:28,184 - DEBUG - https://bgp.he.net:443 "GET /AS399077 HTTP/11" 200 389329
2024-07-07 00:06:28,709 - INFO - IP ranges retrieved for ASN: 399077
2024-07-07 00:06:28,709 - INFO - Saving output for query: AS399077 in format: csv
2024-07-07 00:06:28,711 - INFO - Processing query: AS7979
2024-07-07 00:06:28,711 - INFO - Retrieving IP ranges for ASN: 7979
2024-07-07 00:06:28,712 - DEBUG - Starting new HTTPS connection (1): bgp.he.net:443
2024-07-07 00:06:31,084 - DEBUG - https://bgp.he.net:443 "GET /AS7979 HTTP/11" 200 698003
2024-07-07 00:06:31,871 - INFO - IP ranges retrieved for ASN: 7979
2024-07-07 00:06:31,872 - INFO - Saving output for query: AS7979 in format: csv
2024-07-07 00:06:31,874 - INFO - Processing query: AS133199
2024-07-07 00:06:31,874 - INFO - Retrieving IP ranges for ASN: 133199
2024-07-07 00:06:31,875 - DEBUG - Starting new HTTPS connection (1): bgp.he.net:443
2024-07-07 00:06:32,366 - DEBUG - https://bgp.he.net:443 "GET /AS133199 HTTP/11" 200 187467
2024-07-07 00:06:32,671 - INFO - IP ranges retrieved for ASN: 133199
2024-07-07 00:06:32,671 - INFO - Saving output for query: AS133199 in format: csv
2024-07-07 00:06:32,672 - INFO - Processing query: AS140224
2024-07-07 00:06:32,672 - INFO - Retrieving IP ranges for ASN: 140224
2024-07-07 00:06:32,674 - DEBUG - Starting new HTTPS connection (1): bgp.he.net:443
2024-07-07 00:06:32,837 - DEBUG - https://bgp.he.net:443 "GET /AS140224 HTTP/11" 200 322704
2024-07-07 00:06:33,305 - INFO - IP ranges retrieved for ASN: 140224
2024-07-07 00:06:33,305 - INFO - Saving output for query: AS140224 in format: csv
2024-07-07 00:06:33,306 - INFO - Processing query: AS140227
2024-07-07 00:06:33,306 - INFO - Retrieving IP ranges for ASN: 140227
2024-07-07 00:06:33,308 - DEBUG - Starting new HTTPS connection (1): bgp.he.net:443
2024-07-07 00:06:33,830 - DEBUG - https://bgp.he.net:443 "GET /AS140227 HTTP/11" 200 195716
2024-07-07 00:06:34,086 - INFO - IP ranges retrieved for ASN: 140227
2024-07-07 00:06:34,087 - INFO - Saving output for query: AS140227 in format: csv
2024-07-07 00:06:34,088 - INFO - Processing query: AS138915
2024-07-07 00:06:34,088 - INFO - Retrieving IP ranges for ASN: 138915
2024-07-07 00:06:34,089 - DEBUG - Starting new HTTPS connection (1): bgp.he.net:443
2024-07-07 00:06:36,463 - DEBUG - https://bgp.he.net:443 "GET /AS138915 HTTP/11" 200 574793
2024-07-07 00:06:37,138 - INFO - IP ranges retrieved for ASN: 138915
2024-07-07 00:06:37,138 - INFO - Saving output for query: AS138915 in format: csv
2024-07-14 00:06:10,848 - INFO - Processing query: AS204601
2024-07-14 00:06:10,848 - INFO - Retrieving IP ranges for ASN: 204601
2024-07-14 00:06:10,850 - DEBUG - Starting new HTTPS connection (1): bgp.he.net:443
2024-07-14 00:06:11,398 - DEBUG - https://bgp.he.net:443 "GET /AS204601 HTTP/11" 200 147934
2024-07-14 00:06:11,672 - INFO - IP ranges retrieved for ASN: 204601
2024-07-14 00:06:11,673 - INFO - Saving output for query: AS204601 in format: csv
2024-07-14 00:06:11,675 - INFO - Processing query: AS397423
2024-07-14 00:06:11,675 - INFO - Retrieving IP ranges for ASN: 397423
2024-07-14 00:06:11,676 - DEBUG - Starting new HTTPS connection (1): bgp.he.net:443
2024-07-14 00:06:12,246 - DEBUG - https://bgp.he.net:443 "GET /AS397423 HTTP/11" 200 210272
2024-07-14 00:06:12,631 - INFO - IP ranges retrieved for ASN: 397423
2024-07-14 00:06:12,631 - INFO - Saving output for query: AS397423 in format: csv
2024-07-14 00:06:12,633 - INFO - Processing query: AS33387
2024-07-14 00:06:12,633 - INFO - Retrieving IP ranges for ASN: 33387
2024-07-14 00:06:12,634 - DEBUG - Starting new HTTPS connection (1): bgp.he.net:443
2024-07-14 00:06:13,028 - DEBUG - https://bgp.he.net:443 "GET /AS33387 HTTP/11" 200 100665
2024-07-14 00:06:13,263 - INFO - IP ranges retrieved for ASN: 33387
2024-07-14 00:06:13,263 - INFO - Saving output for query: AS33387 in format: csv
2024-07-14 00:06:13,264 - INFO - Processing query: AS13335
2024-07-14 00:06:13,264 - INFO - Retrieving IP ranges for ASN: 13335
2024-07-14 00:06:13,265 - DEBUG - Starting new HTTPS connection (1): bgp.he.net:443
2024-07-14 00:06:13,488 - DEBUG - https://bgp.he.net:443 "GET /AS13335 HTTP/11" 200 3153836
2024-07-14 00:06:16,463 - INFO - IP ranges retrieved for ASN: 13335
2024-07-14 00:06:16,464 - INFO - Saving output for query: AS13335 in format: csv
2024-07-14 00:06:16,469 - INFO - Processing query: AS22612
2024-07-14 00:06:16,469 - INFO - Retrieving IP ranges for ASN: 22612
2024-07-14 00:06:16,470 - DEBUG - Starting new HTTPS connection (1): bgp.he.net:443
2024-07-14 00:06:16,678 - DEBUG - https://bgp.he.net:443 "GET /AS22612 HTTP/11" 200 225437
2024-07-14 00:06:17,055 - INFO - IP ranges retrieved for ASN: 22612
2024-07-14 00:06:17,056 - INFO - Saving output for query: AS22612 in format: csv
2024-07-14 00:06:17,057 - INFO - Processing query: AS59371
2024-07-14 00:06:17,057 - INFO - Retrieving IP ranges for ASN: 59371
2024-07-14 00:06:17,058 - DEBUG - Starting new HTTPS connection (1): bgp.he.net:443
2024-07-14 00:06:17,459 - DEBUG - https://bgp.he.net:443 "GET /AS59371 HTTP/11" 200 137563
2024-07-14 00:06:17,741 - INFO - IP ranges retrieved for ASN: 59371
2024-07-14 00:06:17,742 - INFO - Saving output for query: AS59371 in format: csv
2024-07-14 00:06:17,743 - INFO - Processing query: AS47583
2024-07-14 00:06:17,743 - INFO - Retrieving IP ranges for ASN: 47583
2024-07-14 00:06:17,744 - DEBUG - Starting new HTTPS connection (1): bgp.he.net:443
2024-07-14 00:06:17,952 - DEBUG - https://bgp.he.net:443 "GET /AS47583 HTTP/11" 200 463906
2024-07-14 00:06:18,779 - INFO - IP ranges retrieved for ASN: 47583
2024-07-14 00:06:18,779 - INFO - Saving output for query: AS47583 in format: csv
2024-07-14 00:06:18,781 - INFO - Processing query: AS7506
2024-07-14 00:06:18,781 - INFO - Retrieving IP ranges for ASN: 7506
2024-07-14 00:06:18,782 - DEBUG - Starting new HTTPS connection (1): bgp.he.net:443
2024-07-14 00:06:19,088 - DEBUG - https://bgp.he.net:443 "GET /AS7506 HTTP/11" 200 103894
2024-07-14 00:06:19,330 - INFO - IP ranges retrieved for ASN: 7506
2024-07-14 00:06:19,330 - INFO - Saving output for query: AS7506 in format: csv
2024-07-14 00:06:19,331 - INFO - Processing query: AS19871
2024-07-14 00:06:19,331 - INFO - Retrieving IP ranges for ASN: 19871
2024-07-14 00:06:19,332 - DEBUG - Starting new HTTPS connection (1): bgp.he.net:443
2024-07-14 00:06:19,905 - DEBUG - https://bgp.he.net:443 "GET /AS19871 HTTP/11" 200 236319
2024-07-14 00:06:20,363 - INFO - IP ranges retrieved for ASN: 19871
2024-07-14 00:06:20,363 - INFO - Saving output for query: AS19871 in format: csv
2024-07-14 00:06:20,364 - INFO - Processing query: AS50613
2024-07-14 00:06:20,365 - INFO - Retrieving IP ranges for ASN: 50613
2024-07-14 00:06:20,366 - DEBUG - Starting new HTTPS connection (1): bgp.he.net:443
2024-07-14 00:06:20,896 - DEBUG - https://bgp.he.net:443 "GET /AS50613 HTTP/11" 200 80747
2024-07-14 00:06:21,052 - INFO - IP ranges retrieved for ASN: 50613
2024-07-14 00:06:21,052 - INFO - Saving output for query: AS50613 in format: csv
2024-07-14 00:06:21,053 - INFO - Processing query: AS209242
2024-07-14 00:06:21,053 - INFO - Retrieving IP ranges for ASN: 209242
2024-07-14 00:06:21,054 - DEBUG - Starting new HTTPS connection (1): bgp.he.net:443
2024-07-14 00:06:21,263 - DEBUG - https://bgp.he.net:443 "GET /AS209242 HTTP/11" 200 236644
2024-07-14 00:06:21,689 - INFO - IP ranges retrieved for ASN: 209242
2024-07-14 00:06:21,689 - INFO - Saving output for query: AS209242 in format: csv
2024-07-14 00:06:21,691 - INFO - Processing query: AS55933
2024-07-14 00:06:21,691 - INFO - Retrieving IP ranges for ASN: 55933
2024-07-14 00:06:21,692 - DEBUG - Starting new HTTPS connection (1): bgp.he.net:443
2024-07-14 00:06:21,901 - DEBUG - https://bgp.he.net:443 "GET /AS55933 HTTP/11" 200 283498
2024-07-14 00:06:22,334 - INFO - IP ranges retrieved for ASN: 55933
2024-07-14 00:06:22,334 - INFO - Saving output for query: AS55933 in format: csv
2024-07-14 00:06:22,336 - INFO - Processing query: AS32097
2024-07-14 00:06:22,336 - INFO - Retrieving IP ranges for ASN: 32097
2024-07-14 00:06:22,337 - DEBUG - Starting new HTTPS connection (1): bgp.he.net:443
2024-07-14 00:06:22,545 - DEBUG - https://bgp.he.net:443 "GET /AS32097 HTTP/11" 200 219008
2024-07-14 00:06:22,948 - INFO - IP ranges retrieved for ASN: 32097
2024-07-14 00:06:22,948 - INFO - Saving output for query: AS32097 in format: csv
2024-07-14 00:06:22,949 - INFO - Processing query: AS54113
2024-07-14 00:06:22,949 - INFO - Retrieving IP ranges for ASN: 54113
2024-07-14 00:06:22,950 - DEBUG - Starting new HTTPS connection (1): bgp.he.net:443
2024-07-14 00:06:23,161 - DEBUG - https://bgp.he.net:443 "GET /AS54113 HTTP/11" 200 1093430
2024-07-14 00:06:24,388 - INFO - IP ranges retrieved for ASN: 54113
2024-07-14 00:06:24,389 - INFO - Saving output for query: AS54113 in format: csv
2024-07-14 00:06:24,391 - INFO - Processing query: AS399077
2024-07-14 00:06:24,391 - INFO - Retrieving IP ranges for ASN: 399077
2024-07-14 00:06:24,392 - DEBUG - Starting new HTTPS connection (1): bgp.he.net:443
2024-07-14 00:06:25,732 - DEBUG - https://bgp.he.net:443 "GET /AS399077 HTTP/11" 200 395586
2024-07-14 00:06:26,357 - INFO - IP ranges retrieved for ASN: 399077
2024-07-14 00:06:26,358 - INFO - Saving output for query: AS399077 in format: csv
2024-07-14 00:06:26,359 - INFO - Processing query: AS7979
2024-07-14 00:06:26,359 - INFO - Retrieving IP ranges for ASN: 7979
2024-07-14 00:06:26,360 - DEBUG - Starting new HTTPS connection (1): bgp.he.net:443
2024-07-14 00:06:28,492 - DEBUG - https://bgp.he.net:443 "GET /AS7979 HTTP/11" 200 704418
2024-07-14 00:06:29,504 - INFO - IP ranges retrieved for ASN: 7979
2024-07-14 00:06:29,504 - INFO - Saving output for query: AS7979 in format: csv
2024-07-14 00:06:29,506 - INFO - Processing query: AS133199
2024-07-14 00:06:29,507 - INFO - Retrieving IP ranges for ASN: 133199
2024-07-14 00:06:29,508 - DEBUG - Starting new HTTPS connection (1): bgp.he.net:443
2024-07-14 00:06:30,011 - DEBUG - https://bgp.he.net:443 "GET /AS133199 HTTP/11" 200 187849
2024-07-14 00:06:30,326 - INFO - IP ranges retrieved for ASN: 133199
2024-07-14 00:06:30,326 - INFO - Saving output for query: AS133199 in format: csv
2024-07-14 00:06:30,327 - INFO - Processing query: AS140224
2024-07-14 00:06:30,328 - INFO - Retrieving IP ranges for ASN: 140224
2024-07-14 00:06:30,329 - DEBUG - Starting new HTTPS connection (1): bgp.he.net:443
2024-07-14 00:06:30,538 - DEBUG - https://bgp.he.net:443 "GET /AS140224 HTTP/11" 200 323537
2024-07-14 00:06:31,068 - INFO - IP ranges retrieved for ASN: 140224
2024-07-14 00:06:31,069 - INFO - Saving output for query: AS140224 in format: csv
2024-07-14 00:06:31,070 - INFO - Processing query: AS140227
2024-07-14 00:06:31,070 - INFO - Retrieving IP ranges for ASN: 140227
2024-07-14 00:06:31,071 - DEBUG - Starting new HTTPS connection (1): bgp.he.net:443
2024-07-14 00:06:31,596 - DEBUG - https://bgp.he.net:443 "GET /AS140227 HTTP/11" 200 196444
2024-07-14 00:06:32,030 - INFO - IP ranges retrieved for ASN: 140227
2024-07-14 00:06:32,031 - INFO - Saving output for query: AS140227 in format: csv
2024-07-14 00:06:32,032 - INFO - Processing query: AS138915
2024-07-14 00:06:32,032 - INFO - Retrieving IP ranges for ASN: 138915
2024-07-14 00:06:32,033 - DEBUG - Starting new HTTPS connection (1): bgp.he.net:443
2024-07-14 00:06:32,244 - DEBUG - https://bgp.he.net:443 "GET /AS138915 HTTP/11" 200 578764
2024-07-14 00:06:33,004 - INFO - IP ranges retrieved for ASN: 138915
2024-07-14 00:06:33,004 - INFO - Saving output for query: AS138915 in format: csv
2024-07-21 00:06:18,994 - INFO - Processing query: AS204601
2024-07-21 00:06:18,994 - INFO - Retrieving IP ranges for ASN: 204601
2024-07-21 00:06:18,996 - DEBUG - Starting new HTTPS connection (1): bgp.he.net:443
2024-07-21 00:06:19,415 - DEBUG - https://bgp.he.net:443 "GET /AS204601 HTTP/11" 200 146432
2024-07-21 00:06:19,542 - INFO - IP ranges retrieved for ASN: 204601
2024-07-21 00:06:19,543 - INFO - Saving output for query: AS204601 in format: csv
2024-07-21 00:06:19,545 - INFO - Processing query: AS397423
2024-07-21 00:06:19,545 - INFO - Retrieving IP ranges for ASN: 397423
2024-07-21 00:06:19,546 - DEBUG - Starting new HTTPS connection (1): bgp.he.net:443
2024-07-21 00:06:19,950 - DEBUG - https://bgp.he.net:443 "GET /AS397423 HTTP/11" 200 208557
2024-07-21 00:06:20,124 - INFO - IP ranges retrieved for ASN: 397423
2024-07-21 00:06:20,124 - INFO - Saving output for query: AS397423 in format: csv
2024-07-21 00:06:20,125 - INFO - Processing query: AS33387
2024-07-21 00:06:20,126 - INFO - Retrieving IP ranges for ASN: 33387
2024-07-21 00:06:20,127 - DEBUG - Starting new HTTPS connection (1): bgp.he.net:443
2024-07-21 00:06:20,193 - DEBUG - https://bgp.he.net:443 "GET /AS33387 HTTP/11" 200 99733
2024-07-21 00:06:20,276 - INFO - IP ranges retrieved for ASN: 33387
2024-07-21 00:06:20,276 - INFO - Saving output for query: AS33387 in format: csv
2024-07-21 00:06:20,278 - INFO - Processing query: AS13335
2024-07-21 00:06:20,278 - INFO - Retrieving IP ranges for ASN: 13335
2024-07-21 00:06:20,279 - DEBUG - Starting new HTTPS connection (1): bgp.he.net:443
2024-07-21 00:06:20,360 - DEBUG - https://bgp.he.net:443 "GET /AS13335 HTTP/11" 200 3086663
2024-07-21 00:06:23,011 - INFO - IP ranges retrieved for ASN: 13335
2024-07-21 00:06:23,012 - INFO - Saving output for query: AS13335 in format: csv
2024-07-21 00:06:23,016 - INFO - Processing query: AS22612
2024-07-21 00:06:23,016 - INFO - Retrieving IP ranges for ASN: 22612
2024-07-21 00:06:23,018 - DEBUG - Starting new HTTPS connection (1): bgp.he.net:443
2024-07-21 00:06:23,486 - DEBUG - https://bgp.he.net:443 "GET /AS22612 HTTP/11" 200 217752
2024-07-21 00:06:23,673 - INFO - IP ranges retrieved for ASN: 22612
2024-07-21 00:06:23,673 - INFO - Saving output for query: AS22612 in format: csv
2024-07-21 00:06:23,674 - INFO - Processing query: AS59371
2024-07-21 00:06:23,674 - INFO - Retrieving IP ranges for ASN: 59371
2024-07-21 00:06:23,676 - DEBUG - Starting new HTTPS connection (1): bgp.he.net:443
2024-07-21 00:06:23,938 - DEBUG - https://bgp.he.net:443 "GET /AS59371 HTTP/11" 200 137269
2024-07-21 00:06:24,073 - INFO - IP ranges retrieved for ASN: 59371
2024-07-21 00:06:24,073 - INFO - Saving output for query: AS59371 in format: csv
2024-07-21 00:06:24,075 - INFO - Processing query: AS47583
2024-07-21 00:06:24,075 - INFO - Retrieving IP ranges for ASN: 47583
2024-07-21 00:06:24,076 - DEBUG - Starting new HTTPS connection (1): bgp.he.net:443
2024-07-21 00:06:25,456 - DEBUG - https://bgp.he.net:443 "GET /AS47583 HTTP/11" 200 463248
2024-07-21 00:06:26,093 - INFO - IP ranges retrieved for ASN: 47583
2024-07-21 00:06:26,093 - INFO - Saving output for query: AS47583 in format: csv
2024-07-21 00:06:26,095 - INFO - Processing query: AS7506
2024-07-21 00:06:26,095 - INFO - Retrieving IP ranges for ASN: 7506
2024-07-21 00:06:26,097 - DEBUG - Starting new HTTPS connection (1): bgp.he.net:443
2024-07-21 00:06:26,162 - DEBUG - https://bgp.he.net:443 "GET /AS7506 HTTP/11" 200 104038
2024-07-21 00:06:26,250 - INFO - IP ranges retrieved for ASN: 7506
2024-07-21 00:06:26,250 - INFO - Saving output for query: AS7506 in format: csv
2024-07-21 00:06:26,252 - INFO - Processing query: AS19871
2024-07-21 00:06:26,252 - INFO - Retrieving IP ranges for ASN: 19871
2024-07-21 00:06:26,253 - DEBUG - Starting new HTTPS connection (1): bgp.he.net:443
2024-07-21 00:06:26,321 - DEBUG - https://bgp.he.net:443 "GET /AS19871 HTTP/11" 200 225098
2024-07-21 00:06:26,513 - INFO - IP ranges retrieved for ASN: 19871
2024-07-21 00:06:26,513 - INFO - Saving output for query: AS19871 in format: csv
2024-07-21 00:06:26,515 - INFO - Processing query: AS50613
2024-07-21 00:06:26,515 - INFO - Retrieving IP ranges for ASN: 50613
2024-07-21 00:06:26,516 - DEBUG - Starting new HTTPS connection (1): bgp.he.net:443
2024-07-21 00:06:26,722 - DEBUG - https://bgp.he.net:443 "GET /AS50613 HTTP/11" 200 80747
2024-07-21 00:06:26,782 - INFO - IP ranges retrieved for ASN: 50613
2024-07-21 00:06:26,782 - INFO - Saving output for query: AS50613 in format: csv
2024-07-21 00:06:26,783 - INFO - Processing query: AS209242
2024-07-21 00:06:26,783 - INFO - Retrieving IP ranges for ASN: 209242
2024-07-21 00:06:26,785 - DEBUG - Starting new HTTPS connection (1): bgp.he.net:443
2024-07-21 00:06:26,849 - DEBUG - https://bgp.he.net:443 "GET /AS209242 HTTP/11" 200 234745
2024-07-21 00:06:27,086 - INFO - IP ranges retrieved for ASN: 209242
2024-07-21 00:06:27,087 - INFO - Saving output for query: AS209242 in format: csv
2024-07-21 00:06:27,088 - INFO - Processing query: AS55933
2024-07-21 00:06:27,088 - INFO - Retrieving IP ranges for ASN: 55933
2024-07-21 00:06:27,089 - DEBUG - Starting new HTTPS connection (1): bgp.he.net:443
2024-07-21 00:06:28,230 - DEBUG - https://bgp.he.net:443 "GET /AS55933 HTTP/11" 200 288916
2024-07-21 00:06:28,468 - INFO - IP ranges retrieved for ASN: 55933
2024-07-21 00:06:28,468 - INFO - Saving output for query: AS55933 in format: csv
2024-07-21 00:06:28,470 - INFO - Processing query: AS32097
2024-07-21 00:06:28,470 - INFO - Retrieving IP ranges for ASN: 32097
2024-07-21 00:06:28,471 - DEBUG - Starting new HTTPS connection (1): bgp.he.net:443
2024-07-21 00:06:29,174 - DEBUG - https://bgp.he.net:443 "GET /AS32097 HTTP/11" 200 219906
2024-07-21 00:06:29,403 - INFO - IP ranges retrieved for ASN: 32097
2024-07-21 00:06:29,404 - INFO - Saving output for query: AS32097 in format: csv
2024-07-21 00:06:29,405 - INFO - Processing query: AS54113
2024-07-21 00:06:29,405 - INFO - Retrieving IP ranges for ASN: 54113
2024-07-21 00:06:29,406 - DEBUG - Starting new HTTPS connection (1): bgp.he.net:443
2024-07-21 00:06:29,477 - DEBUG - https://bgp.he.net:443 "GET /AS54113 HTTP/11" 200 1089280
2024-07-21 00:06:30,425 - INFO - IP ranges retrieved for ASN: 54113
2024-07-21 00:06:30,425 - INFO - Saving output for query: AS54113 in format: csv
2024-07-21 00:06:30,427 - INFO - Processing query: AS399077
2024-07-21 00:06:30,427 - INFO - Retrieving IP ranges for ASN: 399077
2024-07-21 00:06:30,429 - DEBUG - Starting new HTTPS connection (1): bgp.he.net:443
2024-07-21 00:06:31,605 - DEBUG - https://bgp.he.net:443 "GET /AS399077 HTTP/11" 200 396579
2024-07-21 00:06:31,993 - INFO - IP ranges retrieved for ASN: 399077
2024-07-21 00:06:31,994 - INFO - Saving output for query: AS399077 in format: csv
2024-07-21 00:06:31,995 - INFO - Processing query: AS7979
2024-07-21 00:06:31,995 - INFO - Retrieving IP ranges for ASN: 7979
2024-07-21 00:06:31,996 - DEBUG - Starting new HTTPS connection (1): bgp.he.net:443
2024-07-21 00:06:34,014 - DEBUG - https://bgp.he.net:443 "GET /AS7979 HTTP/11" 200 708887
2024-07-21 00:06:34,666 - INFO - IP ranges retrieved for ASN: 7979
2024-07-21 00:06:34,666 - INFO - Saving output for query: AS7979 in format: csv
2024-07-21 00:06:34,669 - INFO - Processing query: AS133199
2024-07-21 00:06:34,669 - INFO - Retrieving IP ranges for ASN: 133199
2024-07-21 00:06:34,670 - DEBUG - Starting new HTTPS connection (1): bgp.he.net:443
2024-07-21 00:06:35,023 - DEBUG - https://bgp.he.net:443 "GET /AS133199 HTTP/11" 200 184225
2024-07-21 00:06:35,228 - INFO - IP ranges retrieved for ASN: 133199
2024-07-21 00:06:35,228 - INFO - Saving output for query: AS133199 in format: csv
2024-07-21 00:06:35,230 - INFO - Processing query: AS140224
2024-07-21 00:06:35,230 - INFO - Retrieving IP ranges for ASN: 140224
2024-07-21 00:06:35,231 - DEBUG - Starting new HTTPS connection (1): bgp.he.net:443
2024-07-21 00:06:36,135 - DEBUG - https://bgp.he.net:443 "GET /AS140224 HTTP/11" 200 324907
2024-07-21 00:06:36,492 - INFO - IP ranges retrieved for ASN: 140224
2024-07-21 00:06:36,492 - INFO - Saving output for query: AS140224 in format: csv
2024-07-21 00:06:36,494 - INFO - Processing query: AS140227
2024-07-21 00:06:36,494 - INFO - Retrieving IP ranges for ASN: 140227
2024-07-21 00:06:36,495 - DEBUG - Starting new HTTPS connection (1): bgp.he.net:443
2024-07-21 00:06:36,912 - DEBUG - https://bgp.he.net:443 "GET /AS140227 HTTP/11" 200 196372
2024-07-21 00:06:37,071 - INFO - IP ranges retrieved for ASN: 140227
2024-07-21 00:06:37,071 - INFO - Saving output for query: AS140227 in format: csv
2024-07-21 00:06:37,073 - INFO - Processing query: AS138915
2024-07-21 00:06:37,073 - INFO - Retrieving IP ranges for ASN: 138915
2024-07-21 00:06:37,074 - DEBUG - Starting new HTTPS connection (1): bgp.he.net:443
2024-07-21 00:06:39,184 - DEBUG - https://bgp.he.net:443 "GET /AS138915 HTTP/11" 200 591775
2024-07-21 00:06:39,741 - INFO - IP ranges retrieved for ASN: 138915
2024-07-21 00:06:39,742 - INFO - Saving output for query: AS138915 in format: csv
2024-07-28 02:30:22,186 - INFO - Processing query: AS204601
2024-07-28 02:30:22,186 - INFO - Retrieving IP ranges for ASN: 204601
2024-07-28 02:30:22,187 - DEBUG - Starting new HTTPS connection (1): bgp.he.net:443
2024-07-28 02:30:22,403 - DEBUG - https://bgp.he.net:443 "GET /AS204601 HTTP/11" 200 146537
2024-07-28 02:30:22,686 - INFO - IP ranges retrieved for ASN: 204601
2024-07-28 02:30:22,686 - INFO - Saving output for query: AS204601 in format: csv
2024-07-28 02:30:22,688 - INFO - Processing query: AS397423
2024-07-28 02:30:22,688 - INFO - Retrieving IP ranges for ASN: 397423
2024-07-28 02:30:22,689 - DEBUG - Starting new HTTPS connection (1): bgp.he.net:443
2024-07-28 02:30:22,899 - DEBUG - https://bgp.he.net:443 "GET /AS397423 HTTP/11" 200 209287
2024-07-28 02:30:23,275 - INFO - IP ranges retrieved for ASN: 397423
2024-07-28 02:30:23,275 - INFO - Saving output for query: AS397423 in format: csv
2024-07-28 02:30:23,276 - INFO - Processing query: AS33387
2024-07-28 02:30:23,276 - INFO - Retrieving IP ranges for ASN: 33387
2024-07-28 02:30:23,277 - DEBUG - Starting new HTTPS connection (1): bgp.he.net:443
2024-07-28 02:30:23,485 - DEBUG - https://bgp.he.net:443 "GET /AS33387 HTTP/11" 200 99778
2024-07-28 02:30:23,714 - INFO - IP ranges retrieved for ASN: 33387
2024-07-28 02:30:23,714 - INFO - Saving output for query: AS33387 in format: csv
2024-07-28 02:30:23,715 - INFO - Processing query: AS13335
2024-07-28 02:30:23,715 - INFO - Retrieving IP ranges for ASN: 13335
2024-07-28 02:30:23,716 - DEBUG - Starting new HTTPS connection (1): bgp.he.net:443
2024-07-28 02:30:23,939 - DEBUG - https://bgp.he.net:443 "GET /AS13335 HTTP/11" 200 3116445
2024-07-28 02:30:26,899 - INFO - IP ranges retrieved for ASN: 13335
2024-07-28 02:30:26,900 - INFO - Saving output for query: AS13335 in format: csv
2024-07-28 02:30:26,904 - INFO - Processing query: AS22612
2024-07-28 02:30:26,904 - INFO - Retrieving IP ranges for ASN: 22612
2024-07-28 02:30:26,905 - DEBUG - Starting new HTTPS connection (1): bgp.he.net:443
2024-07-28 02:30:27,115 - DEBUG - https://bgp.he.net:443 "GET /AS22612 HTTP/11" 200 219888
2024-07-28 02:30:27,491 - INFO - IP ranges retrieved for ASN: 22612
2024-07-28 02:30:27,491 - INFO - Saving output for query: AS22612 in format: csv
2024-07-28 02:30:27,492 - INFO - Processing query: AS59371
2024-07-28 02:30:27,492 - INFO - Retrieving IP ranges for ASN: 59371
2024-07-28 02:30:27,493 - DEBUG - Starting new HTTPS connection (1): bgp.he.net:443
2024-07-28 02:30:27,703 - DEBUG - https://bgp.he.net:443 "GET /AS59371 HTTP/11" 200 137553
2024-07-28 02:30:27,983 - INFO - IP ranges retrieved for ASN: 59371
2024-07-28 02:30:27,983 - INFO - Saving output for query: AS59371 in format: csv
2024-07-28 02:30:27,984 - INFO - Processing query: AS47583
2024-07-28 02:30:27,984 - INFO - Retrieving IP ranges for ASN: 47583
2024-07-28 02:30:27,985 - DEBUG - Starting new HTTPS connection (1): bgp.he.net:443
2024-07-28 02:30:28,196 - DEBUG - https://bgp.he.net:443 "GET /AS47583 HTTP/11" 200 463974
2024-07-28 02:30:28,989 - INFO - IP ranges retrieved for ASN: 47583
2024-07-28 02:30:28,989 - INFO - Saving output for query: AS47583 in format: csv
2024-07-28 02:30:28,990 - INFO - Processing query: AS7506
2024-07-28 02:30:28,990 - INFO - Retrieving IP ranges for ASN: 7506
2024-07-28 02:30:28,992 - DEBUG - Starting new HTTPS connection (1): bgp.he.net:443
2024-07-28 02:30:29,204 - DEBUG - https://bgp.he.net:443 "GET /AS7506 HTTP/11" 200 103744
2024-07-28 02:30:29,439 - INFO - IP ranges retrieved for ASN: 7506
2024-07-28 02:30:29,440 - INFO - Saving output for query: AS7506 in format: csv
2024-07-28 02:30:29,440 - INFO - Processing query: AS19871
2024-07-28 02:30:29,440 - INFO - Retrieving IP ranges for ASN: 19871
2024-07-28 02:30:29,441 - DEBUG - Starting new HTTPS connection (1): bgp.he.net:443
2024-07-28 02:30:29,653 - DEBUG - https://bgp.he.net:443 "GET /AS19871 HTTP/11" 200 229585
2024-07-28 02:30:30,036 - INFO - IP ranges retrieved for ASN: 19871
2024-07-28 02:30:30,036 - INFO - Saving output for query: AS19871 in format: csv
2024-07-28 02:30:30,037 - INFO - Processing query: AS50613
2024-07-28 02:30:30,037 - INFO - Retrieving IP ranges for ASN: 50613
2024-07-28 02:30:30,038 - DEBUG - Starting new HTTPS connection (1): bgp.he.net:443
2024-07-28 02:30:30,248 - DEBUG - https://bgp.he.net:443 "GET /AS50613 HTTP/11" 200 80747
2024-07-28 02:30:30,404 - INFO - IP ranges retrieved for ASN: 50613
2024-07-28 02:30:30,404 - INFO - Saving output for query: AS50613 in format: csv
2024-07-28 02:30:30,405 - INFO - Processing query: AS209242
2024-07-28 02:30:30,405 - INFO - Retrieving IP ranges for ASN: 209242
2024-07-28 02:30:30,406 - DEBUG - Starting new HTTPS connection (1): bgp.he.net:443
2024-07-28 02:30:30,616 - DEBUG - https://bgp.he.net:443 "GET /AS209242 HTTP/11" 200 238100
2024-07-28 02:30:31,038 - INFO - IP ranges retrieved for ASN: 209242
2024-07-28 02:30:31,039 - INFO - Saving output for query: AS209242 in format: csv
2024-07-28 02:30:31,040 - INFO - Processing query: AS55933
2024-07-28 02:30:31,040 - INFO - Retrieving IP ranges for ASN: 55933
2024-07-28 02:30:31,041 - DEBUG - Starting new HTTPS connection (1): bgp.he.net:443
2024-07-28 02:30:31,251 - DEBUG - https://bgp.he.net:443 "GET /AS55933 HTTP/11" 200 286722
2024-07-28 02:30:31,683 - INFO - IP ranges retrieved for ASN: 55933
2024-07-28 02:30:31,683 - INFO - Saving output for query: AS55933 in format: csv
2024-07-28 02:30:31,684 - INFO - Processing query: AS32097
2024-07-28 02:30:31,684 - INFO - Retrieving IP ranges for ASN: 32097
2024-07-28 02:30:31,685 - DEBUG - Starting new HTTPS connection (1): bgp.he.net:443
2024-07-28 02:30:31,895 - DEBUG - https://bgp.he.net:443 "GET /AS32097 HTTP/11" 200 219922
2024-07-28 02:30:32,295 - INFO - IP ranges retrieved for ASN: 32097
2024-07-28 02:30:32,295 - INFO - Saving output for query: AS32097 in format: csv
2024-07-28 02:30:32,296 - INFO - Processing query: AS54113
2024-07-28 02:30:32,296 - INFO - Retrieving IP ranges for ASN: 54113
2024-07-28 02:30:32,297 - DEBUG - Starting new HTTPS connection (1): bgp.he.net:443
2024-07-28 02:30:32,511 - DEBUG - https://bgp.he.net:443 "GET /AS54113 HTTP/11" 200 1092799
2024-07-28 02:30:33,738 - INFO - IP ranges retrieved for ASN: 54113
2024-07-28 02:30:33,739 - INFO - Saving output for query: AS54113 in format: csv
2024-07-28 02:30:33,741 - INFO - Processing query: AS399077
2024-07-28 02:30:33,741 - INFO - Retrieving IP ranges for ASN: 399077
2024-07-28 02:30:33,742 - DEBUG - Starting new HTTPS connection (1): bgp.he.net:443
2024-07-28 02:30:33,953 - DEBUG - https://bgp.he.net:443 "GET /AS399077 HTTP/11" 200 396334
2024-07-28 02:30:34,525 - INFO - IP ranges retrieved for ASN: 399077
2024-07-28 02:30:34,525 - INFO - Saving output for query: AS399077 in format: csv
2024-07-28 02:30:34,526 - INFO - Processing query: AS7979
2024-07-28 02:30:34,526 - INFO - Retrieving IP ranges for ASN: 7979
2024-07-28 02:30:34,528 - DEBUG - Starting new HTTPS connection (1): bgp.he.net:443
2024-07-28 02:30:34,740 - DEBUG - https://bgp.he.net:443 "GET /AS7979 HTTP/11" 200 709987
2024-07-28 02:30:35,614 - INFO - IP ranges retrieved for ASN: 7979
2024-07-28 02:30:35,615 - INFO - Saving output for query: AS7979 in format: csv
2024-07-28 02:30:35,617 - INFO - Processing query: AS133199
2024-07-28 02:30:35,617 - INFO - Retrieving IP ranges for ASN: 133199
2024-07-28 02:30:35,618 - DEBUG - Starting new HTTPS connection (1): bgp.he.net:443
2024-07-28 02:30:35,829 - DEBUG - https://bgp.he.net:443 "GET /AS133199 HTTP/11" 200 184467
2024-07-28 02:30:36,145 - INFO - IP ranges retrieved for ASN: 133199
2024-07-28 02:30:36,145 - INFO - Saving output for query: AS133199 in format: csv
2024-07-28 02:30:36,146 - INFO - Processing query: AS140224
2024-07-28 02:30:36,146 - INFO - Retrieving IP ranges for ASN: 140224
2024-07-28 02:30:36,147 - DEBUG - Starting new HTTPS connection (1): bgp.he.net:443
2024-07-28 02:30:36,358 - DEBUG - https://bgp.he.net:443 "GET /AS140224 HTTP/11" 200 324245
2024-07-28 02:30:36,879 - INFO - IP ranges retrieved for ASN: 140224
2024-07-28 02:30:36,879 - INFO - Saving output for query: AS140224 in format: csv
2024-07-28 02:30:36,881 - INFO - Processing query: AS140227
2024-07-28 02:30:36,881 - INFO - Retrieving IP ranges for ASN: 140227
2024-07-28 02:30:36,882 - DEBUG - Starting new HTTPS connection (1): bgp.he.net:443
2024-07-28 02:30:37,096 - DEBUG - https://bgp.he.net:443 "GET /AS140227 HTTP/11" 200 197955
2024-07-28 02:30:37,401 - INFO - IP ranges retrieved for ASN: 140227
2024-07-28 02:30:37,401 - INFO - Saving output for query: AS140227 in format: csv
2024-07-28 02:30:37,403 - INFO - Processing query: AS138915
2024-07-28 02:30:37,403 - INFO - Retrieving IP ranges for ASN: 138915
2024-07-28 02:30:37,405 - DEBUG - Starting new HTTPS connection (1): bgp.he.net:443
2024-07-28 02:30:37,618 - DEBUG - https://bgp.he.net:443 "GET /AS138915 HTTP/11" 200 597201
2024-07-28 02:30:38,377 - INFO - IP ranges retrieved for ASN: 138915
2024-07-28 02:30:38,377 - INFO - Saving output for query: AS138915 in format: csv
2024-08-04 02:30:50,326 - INFO - Processing query: AS204601
2024-08-04 02:30:50,326 - INFO - Retrieving IP ranges for ASN: 204601
2024-08-04 02:30:50,328 - DEBUG - Starting new HTTPS connection (1): bgp.he.net:443
2024-08-04 02:30:50,546 - DEBUG - https://bgp.he.net:443 "GET /AS204601 HTTP/11" 200 146317
2024-08-04 02:30:50,634 - INFO - IP ranges retrieved for ASN: 204601
2024-08-04 02:30:50,634 - INFO - Saving output for query: AS204601 in format: csv
2024-08-04 02:30:50,636 - INFO - Processing query: AS397423
2024-08-04 02:30:50,636 - INFO - Retrieving IP ranges for ASN: 397423
2024-08-04 02:30:50,637 - DEBUG - Starting new HTTPS connection (1): bgp.he.net:443
2024-08-04 02:30:50,653 - DEBUG - https://bgp.he.net:443 "GET /AS397423 HTTP/11" 200 209940
2024-08-04 02:30:50,792 - INFO - IP ranges retrieved for ASN: 397423
2024-08-04 02:30:50,792 - INFO - Saving output for query: AS397423 in format: csv
2024-08-04 02:30:50,793 - INFO - Processing query: AS33387
2024-08-04 02:30:50,794 - INFO - Retrieving IP ranges for ASN: 33387
2024-08-04 02:30:50,795 - DEBUG - Starting new HTTPS connection (1): bgp.he.net:443
2024-08-04 02:30:50,810 - DEBUG - https://bgp.he.net:443 "GET /AS33387 HTTP/11" 200 100375
2024-08-04 02:30:50,855 - INFO - IP ranges retrieved for ASN: 33387
2024-08-04 02:30:50,855 - INFO - Saving output for query: AS33387 in format: csv
2024-08-04 02:30:50,856 - INFO - Processing query: AS13335
2024-08-04 02:30:50,856 - INFO - Retrieving IP ranges for ASN: 13335
2024-08-04 02:30:50,857 - DEBUG - Starting new HTTPS connection (1): bgp.he.net:443
2024-08-04 02:30:50,915 - DEBUG - https://bgp.he.net:443 "GET /AS13335 HTTP/11" 200 3132761
2024-08-04 02:30:53,502 - INFO - IP ranges retrieved for ASN: 13335
2024-08-04 02:30:53,503 - INFO - Saving output for query: AS13335 in format: csv
2024-08-04 02:30:53,508 - INFO - Processing query: AS22612
2024-08-04 02:30:53,508 - INFO - Retrieving IP ranges for ASN: 22612
2024-08-04 02:30:53,509 - DEBUG - Starting new HTTPS connection (1): bgp.he.net:443
2024-08-04 02:30:53,525 - DEBUG - https://bgp.he.net:443 "GET /AS22612 HTTP/11" 200 220017
2024-08-04 02:30:53,662 - INFO - IP ranges retrieved for ASN: 22612
2024-08-04 02:30:53,662 - INFO - Saving output for query: AS22612 in format: csv
2024-08-04 02:30:53,663 - INFO - Processing query: AS59371
2024-08-04 02:30:53,663 - INFO - Retrieving IP ranges for ASN: 59371
2024-08-04 02:30:53,665 - DEBUG - Starting new HTTPS connection (1): bgp.he.net:443
2024-08-04 02:30:53,680 - DEBUG - https://bgp.he.net:443 "GET /AS59371 HTTP/11" 200 137553
2024-08-04 02:30:53,775 - INFO - IP ranges retrieved for ASN: 59371
2024-08-04 02:30:53,775 - INFO - Saving output for query: AS59371 in format: csv
2024-08-04 02:30:53,776 - INFO - Processing query: AS47583
2024-08-04 02:30:53,776 - INFO - Retrieving IP ranges for ASN: 47583
2024-08-04 02:30:53,777 - DEBUG - Starting new HTTPS connection (1): bgp.he.net:443
2024-08-04 02:30:53,794 - DEBUG - https://bgp.he.net:443 "GET /AS47583 HTTP/11" 200 463332
2024-08-04 02:30:54,323 - INFO - IP ranges retrieved for ASN: 47583
2024-08-04 02:30:54,323 - INFO - Saving output for query: AS47583 in format: csv
2024-08-04 02:30:54,326 - INFO - Processing query: AS7506
2024-08-04 02:30:54,326 - INFO - Retrieving IP ranges for ASN: 7506
2024-08-04 02:30:54,327 - DEBUG - Starting new HTTPS connection (1): bgp.he.net:443
2024-08-04 02:30:54,343 - DEBUG - https://bgp.he.net:443 "GET /AS7506 HTTP/11" 200 103887
2024-08-04 02:30:54,395 - INFO - IP ranges retrieved for ASN: 7506
2024-08-04 02:30:54,396 - INFO - Saving output for query: AS7506 in format: csv
2024-08-04 02:30:54,396 - INFO - Processing query: AS19871
2024-08-04 02:30:54,396 - INFO - Retrieving IP ranges for ASN: 19871
2024-08-04 02:30:54,397 - DEBUG - Starting new HTTPS connection (1): bgp.he.net:443
2024-08-04 02:30:54,413 - DEBUG - https://bgp.he.net:443 "GET /AS19871 HTTP/11" 200 229717
2024-08-04 02:30:54,555 - INFO - IP ranges retrieved for ASN: 19871
2024-08-04 02:30:54,556 - INFO - Saving output for query: AS19871 in format: csv
2024-08-04 02:30:54,557 - INFO - Processing query: AS50613
2024-08-04 02:30:54,557 - INFO - Retrieving IP ranges for ASN: 50613
2024-08-04 02:30:54,558 - DEBUG - Starting new HTTPS connection (1): bgp.he.net:443
2024-08-04 02:30:54,572 - DEBUG - https://bgp.he.net:443 "GET /AS50613 HTTP/11" 200 81019
2024-08-04 02:30:54,605 - INFO - IP ranges retrieved for ASN: 50613
2024-08-04 02:30:54,605 - INFO - Saving output for query: AS50613 in format: csv
2024-08-04 02:30:54,606 - INFO - Processing query: AS209242
2024-08-04 02:30:54,606 - INFO - Retrieving IP ranges for ASN: 209242
2024-08-04 02:30:54,607 - DEBUG - Starting new HTTPS connection (1): bgp.he.net:443
2024-08-04 02:30:54,623 - DEBUG - https://bgp.he.net:443 "GET /AS209242 HTTP/11" 200 241558
2024-08-04 02:30:54,813 - INFO - IP ranges retrieved for ASN: 209242
2024-08-04 02:30:54,813 - INFO - Saving output for query: AS209242 in format: csv
2024-08-04 02:30:54,815 - INFO - Processing query: AS55933
2024-08-04 02:30:54,815 - INFO - Retrieving IP ranges for ASN: 55933
2024-08-04 02:30:54,816 - DEBUG - Starting new HTTPS connection (1): bgp.he.net:443
2024-08-04 02:30:54,833 - DEBUG - https://bgp.he.net:443 "GET /AS55933 HTTP/11" 200 289484
2024-08-04 02:30:55,021 - INFO - IP ranges retrieved for ASN: 55933
2024-08-04 02:30:55,021 - INFO - Saving output for query: AS55933 in format: csv
2024-08-04 02:30:55,023 - INFO - Processing query: AS32097
2024-08-04 02:30:55,023 - INFO - Retrieving IP ranges for ASN: 32097
2024-08-04 02:30:55,024 - DEBUG - Starting new HTTPS connection (1): bgp.he.net:443
2024-08-04 02:30:55,041 - DEBUG - https://bgp.he.net:443 "GET /AS32097 HTTP/11" 200 222437
2024-08-04 02:30:55,206 - INFO - IP ranges retrieved for ASN: 32097
2024-08-04 02:30:55,206 - INFO - Saving output for query: AS32097 in format: csv
2024-08-04 02:30:55,207 - INFO - Processing query: AS54113
2024-08-04 02:30:55,207 - INFO - Retrieving IP ranges for ASN: 54113
2024-08-04 02:30:55,208 - DEBUG - Starting new HTTPS connection (1): bgp.he.net:443
2024-08-04 02:30:55,229 - DEBUG - https://bgp.he.net:443 "GET /AS54113 HTTP/11" 200 1095352
2024-08-04 02:30:56,121 - INFO - IP ranges retrieved for ASN: 54113
2024-08-04 02:30:56,121 - INFO - Saving output for query: AS54113 in format: csv
2024-08-04 02:30:56,123 - INFO - Processing query: AS399077
2024-08-04 02:30:56,123 - INFO - Retrieving IP ranges for ASN: 399077
2024-08-04 02:30:56,125 - DEBUG - Starting new HTTPS connection (1): bgp.he.net:443
2024-08-04 02:30:56,142 - DEBUG - https://bgp.he.net:443 "GET /AS399077 HTTP/11" 200 397172
2024-08-04 02:30:56,473 - INFO - IP ranges retrieved for ASN: 399077
2024-08-04 02:30:56,474 - INFO - Saving output for query: AS399077 in format: csv
2024-08-04 02:30:56,475 - INFO - Processing query: AS7979
2024-08-04 02:30:56,475 - INFO - Retrieving IP ranges for ASN: 7979
2024-08-04 02:30:56,477 - DEBUG - Starting new HTTPS connection (1): bgp.he.net:443
2024-08-04 02:30:56,495 - DEBUG - https://bgp.he.net:443 "GET /AS7979 HTTP/11" 200 713892
2024-08-04 02:30:57,098 - INFO - IP ranges retrieved for ASN: 7979
2024-08-04 02:30:57,098 - INFO - Saving output for query: AS7979 in format: csv
2024-08-04 02:30:57,101 - INFO - Processing query: AS133199
2024-08-04 02:30:57,101 - INFO - Retrieving IP ranges for ASN: 133199
2024-08-04 02:30:57,102 - DEBUG - Starting new HTTPS connection (1): bgp.he.net:443
2024-08-04 02:30:57,117 - DEBUG - https://bgp.he.net:443 "GET /AS133199 HTTP/11" 200 184706
2024-08-04 02:30:57,249 - INFO - IP ranges retrieved for ASN: 133199
2024-08-04 02:30:57,249 - INFO - Saving output for query: AS133199 in format: csv
2024-08-04 02:30:57,250 - INFO - Processing query: AS140224
2024-08-04 02:30:57,250 - INFO - Retrieving IP ranges for ASN: 140224
2024-08-04 02:30:57,251 - DEBUG - Starting new HTTPS connection (1): bgp.he.net:443
2024-08-04 02:30:57,269 - DEBUG - https://bgp.he.net:443 "GET /AS140224 HTTP/11" 200 325246
2024-08-04 02:30:57,552 - INFO - IP ranges retrieved for ASN: 140224
2024-08-04 02:30:57,552 - INFO - Saving output for query: AS140224 in format: csv
2024-08-04 02:30:57,554 - INFO - Processing query: AS140227
2024-08-04 02:30:57,554 - INFO - Retrieving IP ranges for ASN: 140227
2024-08-04 02:30:57,555 - DEBUG - Starting new HTTPS connection (1): bgp.he.net:443
2024-08-04 02:30:57,572 - DEBUG - https://bgp.he.net:443 "GET /AS140227 HTTP/11" 200 202149
2024-08-04 02:30:57,699 - INFO - IP ranges retrieved for ASN: 140227
2024-08-04 02:30:57,699 - INFO - Saving output for query: AS140227 in format: csv
2024-08-04 02:30:57,701 - INFO - Processing query: AS138915
2024-08-04 02:30:57,701 - INFO - Retrieving IP ranges for ASN: 138915
2024-08-04 02:30:57,702 - DEBUG - Starting new HTTPS connection (1): bgp.he.net:443
2024-08-04 02:30:57,720 - DEBUG - https://bgp.he.net:443 "GET /AS138915 HTTP/11" 200 597088
2024-08-04 02:30:58,189 - INFO - IP ranges retrieved for ASN: 138915
2024-08-04 02:30:58,189 - INFO - Saving output for query: AS138915 in format: csv
2024-08-11 02:33:47,412 - INFO - Processing query: AS204601
2024-08-11 02:33:47,412 - INFO - Retrieving IP ranges for ASN: 204601
2024-08-11 02:33:47,413 - DEBUG - Starting new HTTPS connection (1): bgp.he.net:443
2024-08-11 02:33:47,628 - DEBUG - https://bgp.he.net:443 "GET /AS204601 HTTP/11" 200 146450
2024-08-11 02:33:47,898 - INFO - IP ranges retrieved for ASN: 204601
2024-08-11 02:33:47,898 - INFO - Saving output for query: AS204601 in format: csv
2024-08-11 02:33:47,900 - INFO - Processing query: AS397423
2024-08-11 02:33:47,900 - INFO - Retrieving IP ranges for ASN: 397423
2024-08-11 02:33:47,901 - DEBUG - Starting new HTTPS connection (1): bgp.he.net:443
2024-08-11 02:33:48,095 - DEBUG - https://bgp.he.net:443 "GET /AS397423 HTTP/11" 200 212327
2024-08-11 02:33:48,456 - INFO - IP ranges retrieved for ASN: 397423
2024-08-11 02:33:48,456 - INFO - Saving output for query: AS397423 in format: csv
2024-08-11 02:33:48,457 - INFO - Processing query: AS33387
2024-08-11 02:33:48,457 - INFO - Retrieving IP ranges for ASN: 33387
2024-08-11 02:33:48,458 - DEBUG - Starting new HTTPS connection (1): bgp.he.net:443
2024-08-11 02:33:48,664 - DEBUG - https://bgp.he.net:443 "GET /AS33387 HTTP/11" 200 101128
2024-08-11 02:33:48,893 - INFO - IP ranges retrieved for ASN: 33387
2024-08-11 02:33:48,893 - INFO - Saving output for query: AS33387 in format: csv
2024-08-11 02:33:48,894 - INFO - Processing query: AS13335
2024-08-11 02:33:48,894 - INFO - Retrieving IP ranges for ASN: 13335
2024-08-11 02:33:48,896 - DEBUG - Starting new HTTPS connection (1): bgp.he.net:443
2024-08-11 02:33:49,110 - DEBUG - https://bgp.he.net:443 "GET /AS13335 HTTP/11" 200 3124204
2024-08-11 02:33:52,021 - INFO - IP ranges retrieved for ASN: 13335
2024-08-11 02:33:52,022 - INFO - Saving output for query: AS13335 in format: csv
2024-08-11 02:33:52,027 - INFO - Processing query: AS22612
2024-08-11 02:33:52,027 - INFO - Retrieving IP ranges for ASN: 22612
2024-08-11 02:33:52,028 - DEBUG - Starting new HTTPS connection (1): bgp.he.net:443
2024-08-11 02:33:52,233 - DEBUG - https://bgp.he.net:443 "GET /AS22612 HTTP/11" 200 221160
2024-08-11 02:33:52,609 - INFO - IP ranges retrieved for ASN: 22612
2024-08-11 02:33:52,609 - INFO - Saving output for query: AS22612 in format: csv
2024-08-11 02:33:52,610 - INFO - Processing query: AS59371
2024-08-11 02:33:52,610 - INFO - Retrieving IP ranges for ASN: 59371
2024-08-11 02:33:52,611 - DEBUG - Starting new HTTPS connection (1): bgp.he.net:443
2024-08-11 02:33:52,817 - DEBUG - https://bgp.he.net:443 "GET /AS59371 HTTP/11" 200 137665
2024-08-11 02:33:53,099 - INFO - IP ranges retrieved for ASN: 59371
2024-08-11 02:33:53,099 - INFO - Saving output for query: AS59371 in format: csv
2024-08-11 02:33:53,100 - INFO - Processing query: AS47583
2024-08-11 02:33:53,100 - INFO - Retrieving IP ranges for ASN: 47583
2024-08-11 02:33:53,101 - DEBUG - Starting new HTTPS connection (1): bgp.he.net:443
2024-08-11 02:33:53,310 - DEBUG - https://bgp.he.net:443 "GET /AS47583 HTTP/11" 200 463946
2024-08-11 02:33:54,113 - INFO - IP ranges retrieved for ASN: 47583
2024-08-11 02:33:54,113 - INFO - Saving output for query: AS47583 in format: csv
2024-08-11 02:33:54,115 - INFO - Processing query: AS7506
2024-08-11 02:33:54,115 - INFO - Retrieving IP ranges for ASN: 7506
2024-08-11 02:33:54,116 - DEBUG - Starting new HTTPS connection (1): bgp.he.net:443
2024-08-11 02:33:54,321 - DEBUG - https://bgp.he.net:443 "GET /AS7506 HTTP/11" 200 104573
2024-08-11 02:33:54,555 - INFO - IP ranges retrieved for ASN: 7506
2024-08-11 02:33:54,555 - INFO - Saving output for query: AS7506 in format: csv
2024-08-11 02:33:54,556 - INFO - Processing query: AS19871
2024-08-11 02:33:54,556 - INFO - Retrieving IP ranges for ASN: 19871
2024-08-11 02:33:54,557 - DEBUG - Starting new HTTPS connection (1): bgp.he.net:443
2024-08-11 02:33:54,752 - DEBUG - https://bgp.he.net:443 "GET /AS19871 HTTP/11" 200 229761
2024-08-11 02:33:55,118 - INFO - IP ranges retrieved for ASN: 19871
2024-08-11 02:33:55,118 - INFO - Saving output for query: AS19871 in format: csv
2024-08-11 02:33:55,119 - INFO - Processing query: AS50613
2024-08-11 02:33:55,119 - INFO - Retrieving IP ranges for ASN: 50613
2024-08-11 02:33:55,120 - DEBUG - Starting new HTTPS connection (1): bgp.he.net:443
2024-08-11 02:33:55,327 - DEBUG - https://bgp.he.net:443 "GET /AS50613 HTTP/11" 200 80955
2024-08-11 02:33:55,481 - INFO - IP ranges retrieved for ASN: 50613
2024-08-11 02:33:55,482 - INFO - Saving output for query: AS50613 in format: csv
2024-08-11 02:33:55,482 - INFO - Processing query: AS209242
2024-08-11 02:33:55,482 - INFO - Retrieving IP ranges for ASN: 209242
2024-08-11 02:33:55,484 - DEBUG - Starting new HTTPS connection (1): bgp.he.net:443
2024-08-11 02:33:55,672 - DEBUG - https://bgp.he.net:443 "GET /AS209242 HTTP/11" 200 242268
2024-08-11 02:33:56,077 - INFO - IP ranges retrieved for ASN: 209242
2024-08-11 02:33:56,077 - INFO - Saving output for query: AS209242 in format: csv
2024-08-11 02:33:56,079 - INFO - Processing query: AS55933
2024-08-11 02:33:56,079 - INFO - Retrieving IP ranges for ASN: 55933
2024-08-11 02:33:56,080 - DEBUG - Starting new HTTPS connection (1): bgp.he.net:443
2024-08-11 02:33:56,267 - DEBUG - https://bgp.he.net:443 "GET /AS55933 HTTP/11" 200 275413
2024-08-11 02:33:56,663 - INFO - IP ranges retrieved for ASN: 55933
2024-08-11 02:33:56,663 - INFO - Saving output for query: AS55933 in format: csv
2024-08-11 02:33:56,664 - INFO - Processing query: AS32097
2024-08-11 02:33:56,664 - INFO - Retrieving IP ranges for ASN: 32097
2024-08-11 02:33:56,665 - DEBUG - Starting new HTTPS connection (1): bgp.he.net:443
2024-08-11 02:33:56,872 - DEBUG - https://bgp.he.net:443 "GET /AS32097 HTTP/11" 200 219609
2024-08-11 02:33:57,271 - INFO - IP ranges retrieved for ASN: 32097
2024-08-11 02:33:57,271 - INFO - Saving output for query: AS32097 in format: csv
2024-08-11 02:33:57,272 - INFO - Processing query: AS54113
2024-08-11 02:33:57,272 - INFO - Retrieving IP ranges for ASN: 54113
2024-08-11 02:33:57,274 - DEBUG - Starting new HTTPS connection (1): bgp.he.net:443
2024-08-11 02:33:57,484 - DEBUG - https://bgp.he.net:443 "GET /AS54113 HTTP/11" 200 1100538
2024-08-11 02:33:58,707 - INFO - IP ranges retrieved for ASN: 54113
2024-08-11 02:33:58,707 - INFO - Saving output for query: AS54113 in format: csv
2024-08-11 02:33:58,709 - INFO - Processing query: AS399077
2024-08-11 02:33:58,709 - INFO - Retrieving IP ranges for ASN: 399077
2024-08-11 02:33:58,711 - DEBUG - Starting new HTTPS connection (1): bgp.he.net:443
2024-08-11 02:33:58,905 - DEBUG - https://bgp.he.net:443 "GET /AS399077 HTTP/11" 200 398745
2024-08-11 02:33:59,460 - INFO - IP ranges retrieved for ASN: 399077
2024-08-11 02:33:59,460 - INFO - Saving output for query: AS399077 in format: csv
2024-08-11 02:33:59,461 - INFO - Processing query: AS7979
2024-08-11 02:33:59,461 - INFO - Retrieving IP ranges for ASN: 7979
2024-08-11 02:33:59,463 - DEBUG - Starting new HTTPS connection (1): bgp.he.net:443
2024-08-11 02:33:59,673 - DEBUG - https://bgp.he.net:443 "GET /AS7979 HTTP/11" 200 716734
2024-08-11 02:34:00,545 - INFO - IP ranges retrieved for ASN: 7979
2024-08-11 02:34:00,546 - INFO - Saving output for query: AS7979 in format: csv
2024-08-11 02:34:00,548 - INFO - Processing query: AS133199
2024-08-11 02:34:00,548 - INFO - Retrieving IP ranges for ASN: 133199
2024-08-11 02:34:00,549 - DEBUG - Starting new HTTPS connection (1): bgp.he.net:443
2024-08-11 02:34:00,756 - DEBUG - https://bgp.he.net:443 "GET /AS133199 HTTP/11" 200 184538
2024-08-11 02:34:01,069 - INFO - IP ranges retrieved for ASN: 133199
2024-08-11 02:34:01,069 - INFO - Saving output for query: AS133199 in format: csv
2024-08-11 02:34:01,070 - INFO - Processing query: AS140224
2024-08-11 02:34:01,070 - INFO - Retrieving IP ranges for ASN: 140224
2024-08-11 02:34:01,072 - DEBUG - Starting new HTTPS connection (1): bgp.he.net:443
2024-08-11 02:34:01,266 - DEBUG - https://bgp.he.net:443 "GET /AS140224 HTTP/11" 200 324991
2024-08-11 02:34:01,770 - INFO - IP ranges retrieved for ASN: 140224
2024-08-11 02:34:01,771 - INFO - Saving output for query: AS140224 in format: csv
2024-08-11 02:34:01,772 - INFO - Processing query: AS140227
2024-08-11 02:34:01,772 - INFO - Retrieving IP ranges for ASN: 140227
2024-08-11 02:34:01,773 - DEBUG - Starting new HTTPS connection (1): bgp.he.net:443
2024-08-11 02:34:01,980 - DEBUG - https://bgp.he.net:443 "GET /AS140227 HTTP/11" 200 202856
2024-08-11 02:34:02,288 - INFO - IP ranges retrieved for ASN: 140227
2024-08-11 02:34:02,288 - INFO - Saving output for query: AS140227 in format: csv
2024-08-11 02:34:02,290 - INFO - Processing query: AS138915
2024-08-11 02:34:02,290 - INFO - Retrieving IP ranges for ASN: 138915
2024-08-11 02:34:02,291 - DEBUG - Starting new HTTPS connection (1): bgp.he.net:443
2024-08-11 02:34:02,499 - DEBUG - https://bgp.he.net:443 "GET /AS138915 HTTP/11" 200 598533
2024-08-11 02:34:03,257 - INFO - IP ranges retrieved for ASN: 138915
2024-08-11 02:34:03,258 - INFO - Saving output for query: AS138915 in format: csv
2024-08-18 01:04:47,361 - INFO - Processing query: AS133199
2024-08-18 01:04:47,361 - INFO - Retrieving IP ranges for ASN: 133199
2024-08-18 01:04:47,363 - DEBUG - Starting new HTTPS connection (1): bgp.he.net:443
2024-08-18 01:04:47,574 - DEBUG - https://bgp.he.net:443 "GET /AS133199 HTTP/11" 200 174851
2024-08-18 01:04:47,884 - INFO - IP ranges retrieved for ASN: 133199
2024-08-18 01:04:47,884 - INFO - Saving output for query: AS133199 in format: csv
2024-08-18 01:04:47,886 - INFO - Processing query: AS22612
2024-08-18 01:04:47,886 - INFO - Retrieving IP ranges for ASN: 22612
2024-08-18 01:04:47,887 - DEBUG - Starting new HTTPS connection (1): bgp.he.net:443
2024-08-18 01:04:48,087 - DEBUG - https://bgp.he.net:443 "GET /AS22612 HTTP/11" 200 221327
2024-08-18 01:04:48,451 - INFO - IP ranges retrieved for ASN: 22612
2024-08-18 01:04:48,452 - INFO - Saving output for query: AS22612 in format: csv
2024-08-18 01:04:48,453 - INFO - Processing query: AS13335
2024-08-18 01:04:48,453 - INFO - Retrieving IP ranges for ASN: 13335
2024-08-18 01:04:48,454 - DEBUG - Starting new HTTPS connection (1): bgp.he.net:443
2024-08-18 01:04:48,679 - DEBUG - https://bgp.he.net:443 "GET /AS13335 HTTP/11" 200 3134637
2024-08-18 01:04:51,691 - INFO - IP ranges retrieved for ASN: 13335
2024-08-18 01:04:51,692 - INFO - Saving output for query: AS13335 in format: csv
2024-08-18 01:04:51,696 - INFO - Processing query: AS59371
2024-08-18 01:04:51,696 - INFO - Retrieving IP ranges for ASN: 59371
2024-08-18 01:04:51,697 - DEBUG - Starting new HTTPS connection (1): bgp.he.net:443
2024-08-18 01:04:51,895 - DEBUG - https://bgp.he.net:443 "GET /AS59371 HTTP/11" 200 137665
2024-08-18 01:04:52,166 - INFO - IP ranges retrieved for ASN: 59371
2024-08-18 01:04:52,166 - INFO - Saving output for query: AS59371 in format: csv
2024-08-18 01:04:52,168 - INFO - Processing query: AS47583
2024-08-18 01:04:52,168 - INFO - Retrieving IP ranges for ASN: 47583
2024-08-18 01:04:52,169 - DEBUG - Starting new HTTPS connection (1): bgp.he.net:443
2024-08-18 01:04:52,378 - DEBUG - https://bgp.he.net:443 "GET /AS47583 HTTP/11" 200 466284
2024-08-18 01:04:53,166 - INFO - IP ranges retrieved for ASN: 47583
2024-08-18 01:04:53,167 - INFO - Saving output for query: AS47583 in format: csv
2024-08-18 01:04:53,168 - INFO - Processing query: AS54113
2024-08-18 01:04:53,168 - INFO - Retrieving IP ranges for ASN: 54113
2024-08-18 01:04:53,169 - DEBUG - Starting new HTTPS connection (1): bgp.he.net:443
2024-08-18 01:04:53,381 - DEBUG - https://bgp.he.net:443 "GET /AS54113 HTTP/11" 200 1101166
2024-08-18 01:04:54,614 - INFO - IP ranges retrieved for ASN: 54113
2024-08-18 01:04:54,614 - INFO - Saving output for query: AS54113 in format: csv
2024-08-18 01:04:54,616 - INFO - Processing query: AS197695
2024-08-18 01:04:54,616 - INFO - Retrieving IP ranges for ASN: 197695
2024-08-18 01:04:54,617 - DEBUG - Starting new HTTPS connection (1): bgp.he.net:443
2024-08-18 01:04:54,824 - DEBUG - https://bgp.he.net:443 "GET /AS197695 HTTP/11" 200 326414
2024-08-18 01:04:55,270 - INFO - IP ranges retrieved for ASN: 197695
2024-08-18 01:04:55,270 - INFO - Saving output for query: AS197695 in format: csv
2024-08-18 01:04:55,272 - INFO - Processing query: AS49981
2024-08-18 01:04:55,272 - INFO - Retrieving IP ranges for ASN: 49981
2024-08-18 01:04:55,273 - DEBUG - Starting new HTTPS connection (1): bgp.he.net:443
2024-08-18 01:04:55,472 - DEBUG - https://bgp.he.net:443 "GET /AS49981 HTTP/11" 200 271952
2024-08-18 01:04:55,911 - INFO - IP ranges retrieved for ASN: 49981
2024-08-18 01:04:55,911 - INFO - Saving output for query: AS49981 in format: csv
2024-08-18 01:04:55,912 - INFO - Processing query: AS398478
2024-08-18 01:04:55,913 - INFO - Retrieving IP ranges for ASN: 398478
2024-08-18 01:04:55,914 - DEBUG - Starting new HTTPS connection (1): bgp.he.net:443
2024-08-18 01:04:56,111 - DEBUG - https://bgp.he.net:443 "GET /AS398478 HTTP/11" 200 58440
2024-08-18 01:04:56,262 - INFO - IP ranges retrieved for ASN: 398478
2024-08-18 01:04:56,262 - INFO - Saving output for query: AS398478 in format: csv
2024-08-18 01:04:56,263 - INFO - Processing query: AS19871
2024-08-18 01:04:56,263 - INFO - Retrieving IP ranges for ASN: 19871
2024-08-18 01:04:56,264 - DEBUG - Starting new HTTPS connection (1): bgp.he.net:443
2024-08-18 01:04:56,464 - DEBUG - https://bgp.he.net:443 "GET /AS19871 HTTP/11" 200 231019
2024-08-18 01:04:56,959 - INFO - IP ranges retrieved for ASN: 19871
2024-08-18 01:04:56,959 - INFO - Saving output for query: AS19871 in format: csv
2024-08-18 01:04:56,961 - INFO - Processing query: AS54467
2024-08-18 01:04:56,961 - INFO - Retrieving IP ranges for ASN: 54467
2024-08-18 01:04:56,962 - DEBUG - Starting new HTTPS connection (1): bgp.he.net:443
2024-08-18 01:04:57,160 - DEBUG - https://bgp.he.net:443 "GET /AS54467 HTTP/11" 200 42958
2024-08-18 01:04:57,295 - INFO - IP ranges retrieved for ASN: 54467
2024-08-18 01:04:57,295 - INFO - Saving output for query: AS54467 in format: csv
2024-08-18 01:04:57,296 - INFO - Processing query: AS209242
2024-08-18 01:04:57,296 - INFO - Retrieving IP ranges for ASN: 209242
2024-08-18 01:04:57,297 - DEBUG - Starting new HTTPS connection (1): bgp.he.net:443
2024-08-18 01:04:57,504 - DEBUG - https://bgp.he.net:443 "GET /AS209242 HTTP/11" 200 242952
2024-08-18 01:04:57,896 - INFO - IP ranges retrieved for ASN: 209242
2024-08-18 01:04:57,897 - INFO - Saving output for query: AS209242 in format: csv
2024-08-18 01:04:57,898 - INFO - Processing query: AS138915
2024-08-18 01:04:57,898 - INFO - Retrieving IP ranges for ASN: 138915
2024-08-18 01:04:57,899 - DEBUG - Starting new HTTPS connection (1): bgp.he.net:443
2024-08-18 01:04:58,102 - DEBUG - https://bgp.he.net:443 "GET /AS138915 HTTP/11" 200 608372
2024-08-18 01:04:58,872 - INFO - IP ranges retrieved for ASN: 138915
2024-08-18 01:04:58,872 - INFO - Saving output for query: AS138915 in format: csv
2024-08-18 01:04:58,874 - INFO - Processing query: AS33387
2024-08-18 01:04:58,874 - INFO - Retrieving IP ranges for ASN: 33387
2024-08-18 01:04:58,875 - DEBUG - Starting new HTTPS connection (1): bgp.he.net:443
2024-08-18 01:04:59,081 - DEBUG - https://bgp.he.net:443 "GET /AS33387 HTTP/11" 200 101663
2024-08-18 01:04:59,310 - INFO - IP ranges retrieved for ASN: 33387
2024-08-18 01:04:59,310 - INFO - Saving output for query: AS33387 in format: csv
2024-08-18 01:04:59,311 - INFO - Processing query: AS140227
2024-08-18 01:04:59,311 - INFO - Retrieving IP ranges for ASN: 140227
2024-08-18 01:04:59,313 - DEBUG - Starting new HTTPS connection (1): bgp.he.net:443
2024-08-18 01:04:59,520 - DEBUG - https://bgp.he.net:443 "GET /AS140227 HTTP/11" 200 202687
2024-08-18 01:04:59,871 - INFO - IP ranges retrieved for ASN: 140227
2024-08-18 01:04:59,872 - INFO - Saving output for query: AS140227 in format: csv
2024-08-18 01:04:59,873 - INFO - Processing query: AS46606
2024-08-18 01:04:59,873 - INFO - Retrieving IP ranges for ASN: 46606
2024-08-18 01:04:59,874 - DEBUG - Starting new HTTPS connection (1): bgp.he.net:443
2024-08-18 01:05:00,072 - DEBUG - https://bgp.he.net:443 "GET /AS46606 HTTP/11" 200 165394
2024-08-18 01:05:00,414 - INFO - IP ranges retrieved for ASN: 46606
2024-08-18 01:05:00,415 - INFO - Saving output for query: AS46606 in format: csv
2024-08-18 01:05:00,416 - INFO - Processing query: AS397423
2024-08-18 01:05:00,416 - INFO - Retrieving IP ranges for ASN: 397423
2024-08-18 01:05:00,417 - DEBUG - Starting new HTTPS connection (1): bgp.he.net:443
2024-08-18 01:05:00,624 - DEBUG - https://bgp.he.net:443 "GET /AS397423 HTTP/11" 200 213520
2024-08-18 01:05:01,002 - INFO - IP ranges retrieved for ASN: 397423
2024-08-18 01:05:01,002 - INFO - Saving output for query: AS397423 in format: csv
2024-08-18 01:05:01,003 - INFO - Processing query: AS198610
2024-08-18 01:05:01,003 - INFO - Retrieving IP ranges for ASN: 198610
2024-08-18 01:05:01,005 - DEBUG - Starting new HTTPS connection (1): bgp.he.net:443
2024-08-18 01:05:01,211 - DEBUG - https://bgp.he.net:443 "GET /AS198610 HTTP/11" 200 191761
2024-08-18 01:05:01,524 - INFO - IP ranges retrieved for ASN: 198610
2024-08-18 01:05:01,524 - INFO - Saving output for query: AS198610 in format: csv
2024-08-18 01:05:01,525 - INFO - Processing query: AS132203
2024-08-18 01:05:01,525 - INFO - Retrieving IP ranges for ASN: 132203
2024-08-18 01:05:01,527 - DEBUG - Starting new HTTPS connection (1): bgp.he.net:443
2024-08-18 01:05:01,729 - DEBUG - https://bgp.he.net:443 "GET /AS132203 HTTP/11" 200 745617
2024-08-18 01:05:02,637 - INFO - IP ranges retrieved for ASN: 132203
2024-08-18 01:05:02,637 - INFO - Saving output for query: AS132203 in format: csv
2024-08-18 01:05:02,639 - INFO - Processing query: AS44066
2024-08-18 01:05:02,639 - INFO - Retrieving IP ranges for ASN: 44066
2024-08-18 01:05:02,640 - DEBUG - Starting new HTTPS connection (1): bgp.he.net:443
2024-08-18 01:05:02,839 - DEBUG - https://bgp.he.net:443 "GET /AS44066 HTTP/11" 200 240280
2024-08-18 01:05:03,271 - INFO - IP ranges retrieved for ASN: 44066
2024-08-18 01:05:03,272 - INFO - Saving output for query: AS44066 in format: csv
2024-08-25 01:06:17,184 - INFO - Processing query: AS133199
2024-08-25 01:06:17,184 - INFO - Retrieving IP ranges for ASN: 133199
2024-08-25 01:06:17,186 - DEBUG - Starting new HTTPS connection (1): bgp.he.net:443
2024-08-25 01:06:17,375 - DEBUG - https://bgp.he.net:443 "GET /AS133199 HTTP/11" 200 184581
2024-08-25 01:06:17,645 - INFO - IP ranges retrieved for ASN: 133199
2024-08-25 01:06:17,645 - INFO - Saving output for query: AS133199 in format: csv
2024-08-25 01:06:17,647 - INFO - Processing query: AS22612
2024-08-25 01:06:17,647 - INFO - Retrieving IP ranges for ASN: 22612
2024-08-25 01:06:17,649 - DEBUG - Starting new HTTPS connection (1): bgp.he.net:443
2024-08-25 01:06:17,810 - DEBUG - https://bgp.he.net:443 "GET /AS22612 HTTP/11" 200 222311
2024-08-25 01:06:18,121 - INFO - IP ranges retrieved for ASN: 22612
2024-08-25 01:06:18,121 - INFO - Saving output for query: AS22612 in format: csv
2024-08-25 01:06:18,122 - INFO - Processing query: AS13335
2024-08-25 01:06:18,122 - INFO - Retrieving IP ranges for ASN: 13335
2024-08-25 01:06:18,123 - DEBUG - Starting new HTTPS connection (1): bgp.he.net:443
2024-08-25 01:06:18,312 - DEBUG - https://bgp.he.net:443 "GET /AS13335 HTTP/11" 200 3134271
2024-08-25 01:06:21,176 - INFO - IP ranges retrieved for ASN: 13335
2024-08-25 01:06:21,177 - INFO - Saving output for query: AS13335 in format: csv
2024-08-25 01:06:21,181 - INFO - Processing query: AS59371
2024-08-25 01:06:21,182 - INFO - Retrieving IP ranges for ASN: 59371
2024-08-25 01:06:21,183 - DEBUG - Starting new HTTPS connection (1): bgp.he.net:443
2024-08-25 01:06:21,344 - DEBUG - https://bgp.he.net:443 "GET /AS59371 HTTP/11" 200 137668
2024-08-25 01:06:21,576 - INFO - IP ranges retrieved for ASN: 59371
2024-08-25 01:06:21,576 - INFO - Saving output for query: AS59371 in format: csv
2024-08-25 01:06:21,577 - INFO - Processing query: AS47583
2024-08-25 01:06:21,577 - INFO - Retrieving IP ranges for ASN: 47583
2024-08-25 01:06:21,579 - DEBUG - Starting new HTTPS connection (1): bgp.he.net:443
2024-08-25 01:06:21,742 - DEBUG - https://bgp.he.net:443 "GET /AS47583 HTTP/11" 200 469702
2024-08-25 01:06:22,481 - INFO - IP ranges retrieved for ASN: 47583
2024-08-25 01:06:22,482 - INFO - Saving output for query: AS47583 in format: csv
2024-08-25 01:06:22,483 - INFO - Processing query: AS54113
2024-08-25 01:06:22,483 - INFO - Retrieving IP ranges for ASN: 54113
2024-08-25 01:06:22,485 - DEBUG - Starting new HTTPS connection (1): bgp.he.net:443
2024-08-25 01:06:22,651 - DEBUG - https://bgp.he.net:443 "GET /AS54113 HTTP/11" 200 1096663
2024-08-25 01:06:23,797 - INFO - IP ranges retrieved for ASN: 54113
2024-08-25 01:06:23,798 - INFO - Saving output for query: AS54113 in format: csv
2024-08-25 01:06:23,800 - INFO - Processing query: AS197695
2024-08-25 01:06:23,800 - INFO - Retrieving IP ranges for ASN: 197695
2024-08-25 01:06:23,801 - DEBUG - Starting new HTTPS connection (1): bgp.he.net:443
2024-08-25 01:06:23,963 - DEBUG - https://bgp.he.net:443 "GET /AS197695 HTTP/11" 200 326481
2024-08-25 01:06:24,347 - INFO - IP ranges retrieved for ASN: 197695
2024-08-25 01:06:24,347 - INFO - Saving output for query: AS197695 in format: csv
2024-08-25 01:06:24,348 - INFO - Processing query: AS49981
2024-08-25 01:06:24,348 - INFO - Retrieving IP ranges for ASN: 49981
2024-08-25 01:06:24,350 - DEBUG - Starting new HTTPS connection (1): bgp.he.net:443
2024-08-25 01:06:24,515 - DEBUG - https://bgp.he.net:443 "GET /AS49981 HTTP/11" 200 271390
2024-08-25 01:06:24,898 - INFO - IP ranges retrieved for ASN: 49981
2024-08-25 01:06:24,899 - INFO - Saving output for query: AS49981 in format: csv
2024-08-25 01:06:24,900 - INFO - Processing query: AS398478
2024-08-25 01:06:24,900 - INFO - Retrieving IP ranges for ASN: 398478
2024-08-25 01:06:24,901 - DEBUG - Starting new HTTPS connection (1): bgp.he.net:443
2024-08-25 01:06:25,066 - DEBUG - https://bgp.he.net:443 "GET /AS398478 HTTP/11" 200 58366
2024-08-25 01:06:25,190 - INFO - IP ranges retrieved for ASN: 398478
2024-08-25 01:06:25,190 - INFO - Saving output for query: AS398478 in format: csv
2024-08-25 01:06:25,191 - INFO - Processing query: AS19871
2024-08-25 01:06:25,191 - INFO - Retrieving IP ranges for ASN: 19871
2024-08-25 01:06:25,192 - DEBUG - Starting new HTTPS connection (1): bgp.he.net:443
2024-08-25 01:06:25,357 - DEBUG - https://bgp.he.net:443 "GET /AS19871 HTTP/11" 200 229999
2024-08-25 01:06:25,756 - INFO - IP ranges retrieved for ASN: 19871
2024-08-25 01:06:25,757 - INFO - Saving output for query: AS19871 in format: csv
2024-08-25 01:06:25,758 - INFO - Processing query: AS54467
2024-08-25 01:06:25,758 - INFO - Retrieving IP ranges for ASN: 54467
2024-08-25 01:06:25,759 - DEBUG - Starting new HTTPS connection (1): bgp.he.net:443
2024-08-25 01:06:25,921 - DEBUG - https://bgp.he.net:443 "GET /AS54467 HTTP/11" 200 43615
2024-08-25 01:06:26,029 - INFO - IP ranges retrieved for ASN: 54467
2024-08-25 01:06:26,029 - INFO - Saving output for query: AS54467 in format: csv
2024-08-25 01:06:26,031 - INFO - Processing query: AS209242
2024-08-25 01:06:26,031 - INFO - Retrieving IP ranges for ASN: 209242
2024-08-25 01:06:26,032 - DEBUG - Starting new HTTPS connection (1): bgp.he.net:443
2024-08-25 01:06:26,193 - DEBUG - https://bgp.he.net:443 "GET /AS209242 HTTP/11" 200 242994
2024-08-25 01:06:26,522 - INFO - IP ranges retrieved for ASN: 209242
2024-08-25 01:06:26,522 - INFO - Saving output for query: AS209242 in format: csv
2024-08-25 01:06:26,524 - INFO - Processing query: AS138915
2024-08-25 01:06:26,524 - INFO - Retrieving IP ranges for ASN: 138915
2024-08-25 01:06:26,525 - DEBUG - Starting new HTTPS connection (1): bgp.he.net:443
2024-08-25 01:06:26,689 - DEBUG - https://bgp.he.net:443 "GET /AS138915 HTTP/11" 200 611630
2024-08-25 01:06:27,388 - INFO - IP ranges retrieved for ASN: 138915
2024-08-25 01:06:27,388 - INFO - Saving output for query: AS138915 in format: csv
2024-08-25 01:06:27,390 - INFO - Processing query: AS33387
2024-08-25 01:06:27,390 - INFO - Retrieving IP ranges for ASN: 33387
2024-08-25 01:06:27,391 - DEBUG - Starting new HTTPS connection (1): bgp.he.net:443
2024-08-25 01:06:27,554 - DEBUG - https://bgp.he.net:443 "GET /AS33387 HTTP/11" 200 101202
2024-08-25 01:06:27,735 - INFO - IP ranges retrieved for ASN: 33387
2024-08-25 01:06:27,736 - INFO - Saving output for query: AS33387 in format: csv
2024-08-25 01:06:27,737 - INFO - Processing query: AS140227
2024-08-25 01:06:27,737 - INFO - Retrieving IP ranges for ASN: 140227
2024-08-25 01:06:27,738 - DEBUG - Starting new HTTPS connection (1): bgp.he.net:443
2024-08-25 01:06:27,901 - DEBUG - https://bgp.he.net:443 "GET /AS140227 HTTP/11" 200 202759
2024-08-25 01:06:28,204 - INFO - IP ranges retrieved for ASN: 140227
2024-08-25 01:06:28,205 - INFO - Saving output for query: AS140227 in format: csv
2024-08-25 01:06:28,206 - INFO - Processing query: AS46606
2024-08-25 01:06:28,206 - INFO - Retrieving IP ranges for ASN: 46606
2024-08-25 01:06:28,207 - DEBUG - Starting new HTTPS connection (1): bgp.he.net:443
2024-08-25 01:06:28,369 - DEBUG - https://bgp.he.net:443 "GET /AS46606 HTTP/11" 200 163175
2024-08-25 01:06:28,656 - INFO - IP ranges retrieved for ASN: 46606
2024-08-25 01:06:28,656 - INFO - Saving output for query: AS46606 in format: csv
2024-08-25 01:06:28,657 - INFO - Processing query: AS397423
2024-08-25 01:06:28,657 - INFO - Retrieving IP ranges for ASN: 397423
2024-08-25 01:06:28,658 - DEBUG - Starting new HTTPS connection (1): bgp.he.net:443
2024-08-25 01:06:28,820 - DEBUG - https://bgp.he.net:443 "GET /AS397423 HTTP/11" 200 215539
2024-08-25 01:06:29,132 - INFO - IP ranges retrieved for ASN: 397423
2024-08-25 01:06:29,133 - INFO - Saving output for query: AS397423 in format: csv
2024-08-25 01:06:29,134 - INFO - Processing query: AS198610
2024-08-25 01:06:29,134 - INFO - Retrieving IP ranges for ASN: 198610
2024-08-25 01:06:29,135 - DEBUG - Starting new HTTPS connection (1): bgp.he.net:443
2024-08-25 01:06:29,296 - DEBUG - https://bgp.he.net:443 "GET /AS198610 HTTP/11" 200 191999
2024-08-25 01:06:29,560 - INFO - IP ranges retrieved for ASN: 198610
2024-08-25 01:06:29,561 - INFO - Saving output for query: AS198610 in format: csv
2024-08-25 01:06:29,562 - INFO - Processing query: AS132203
2024-08-25 01:06:29,562 - INFO - Retrieving IP ranges for ASN: 132203
2024-08-25 01:06:29,563 - DEBUG - Starting new HTTPS connection (1): bgp.he.net:443
2024-08-25 01:06:29,728 - DEBUG - https://bgp.he.net:443 "GET /AS132203 HTTP/11" 200 744896
2024-08-25 01:06:30,547 - INFO - IP ranges retrieved for ASN: 132203
2024-08-25 01:06:30,547 - INFO - Saving output for query: AS132203 in format: csv
2024-08-25 01:06:30,549 - INFO - Processing query: AS44066
2024-08-25 01:06:30,549 - INFO - Retrieving IP ranges for ASN: 44066
2024-08-25 01:06:30,550 - DEBUG - Starting new HTTPS connection (1): bgp.he.net:443
2024-08-25 01:06:30,713 - DEBUG - https://bgp.he.net:443 "GET /AS44066 HTTP/11" 200 238599
2024-08-25 01:06:31,086 - INFO - IP ranges retrieved for ASN: 44066
2024-08-25 01:06:31,086 - INFO - Saving output for query: AS44066 in format: csv
2024-09-01 01:13:50,164 - INFO - Processing query: AS133199
2024-09-01 01:13:50,164 - INFO - Retrieving IP ranges for ASN: 133199
2024-09-01 01:13:50,166 - DEBUG - Starting new HTTPS connection (1): bgp.he.net:443
2024-09-01 01:13:50,394 - DEBUG - https://bgp.he.net:443 "GET /AS133199 HTTP/11" 200 185124
2024-09-01 01:13:50,710 - INFO - IP ranges retrieved for ASN: 133199
2024-09-01 01:13:50,710 - INFO - Saving output for query: AS133199 in format: csv
2024-09-01 01:13:50,712 - INFO - Processing query: AS22612
2024-09-01 01:13:50,712 - INFO - Retrieving IP ranges for ASN: 22612
2024-09-01 01:13:50,714 - DEBUG - Starting new HTTPS connection (1): bgp.he.net:443
2024-09-01 01:13:50,923 - DEBUG - https://bgp.he.net:443 "GET /AS22612 HTTP/11" 200 222648
2024-09-01 01:13:51,298 - INFO - IP ranges retrieved for ASN: 22612
2024-09-01 01:13:51,298 - INFO - Saving output for query: AS22612 in format: csv
2024-09-01 01:13:51,299 - INFO - Processing query: AS13335
2024-09-01 01:13:51,299 - INFO - Retrieving IP ranges for ASN: 13335
2024-09-01 01:13:51,301 - DEBUG - Starting new HTTPS connection (1): bgp.he.net:443
2024-09-01 01:13:51,522 - DEBUG - https://bgp.he.net:443 "GET /AS13335 HTTP/11" 200 3120152
2024-09-01 01:13:54,478 - INFO - IP ranges retrieved for ASN: 13335
2024-09-01 01:13:54,479 - INFO - Saving output for query: AS13335 in format: csv
2024-09-01 01:13:54,484 - INFO - Processing query: AS59371
2024-09-01 01:13:54,484 - INFO - Retrieving IP ranges for ASN: 59371
2024-09-01 01:13:54,485 - DEBUG - Starting new HTTPS connection (1): bgp.he.net:443
2024-09-01 01:13:54,694 - DEBUG - https://bgp.he.net:443 "GET /AS59371 HTTP/11" 200 138750
2024-09-01 01:13:54,974 - INFO - IP ranges retrieved for ASN: 59371
2024-09-01 01:13:54,975 - INFO - Saving output for query: AS59371 in format: csv
2024-09-01 01:13:54,976 - INFO - Processing query: AS47583
2024-09-01 01:13:54,976 - INFO - Retrieving IP ranges for ASN: 47583
2024-09-01 01:13:54,977 - DEBUG - Starting new HTTPS connection (1): bgp.he.net:443
2024-09-01 01:13:55,187 - DEBUG - https://bgp.he.net:443 "GET /AS47583 HTTP/11" 200 468300
2024-09-01 01:13:56,001 - INFO - IP ranges retrieved for ASN: 47583
2024-09-01 01:13:56,002 - INFO - Saving output for query: AS47583 in format: csv
2024-09-01 01:13:56,003 - INFO - Processing query: AS54113
2024-09-01 01:13:56,003 - INFO - Retrieving IP ranges for ASN: 54113
2024-09-01 01:13:56,005 - DEBUG - Starting new HTTPS connection (1): bgp.he.net:443
2024-09-01 01:13:56,218 - DEBUG - https://bgp.he.net:443 "GET /AS54113 HTTP/11" 200 1093096
2024-09-01 01:13:57,448 - INFO - IP ranges retrieved for ASN: 54113
2024-09-01 01:13:57,448 - INFO - Saving output for query: AS54113 in format: csv
2024-09-01 01:13:57,450 - INFO - Processing query: AS197695
2024-09-01 01:13:57,450 - INFO - Retrieving IP ranges for ASN: 197695
2024-09-01 01:13:57,452 - DEBUG - Starting new HTTPS connection (1): bgp.he.net:443
2024-09-01 01:13:57,662 - DEBUG - https://bgp.he.net:443 "GET /AS197695 HTTP/11" 200 327964
2024-09-01 01:13:58,112 - INFO - IP ranges retrieved for ASN: 197695
2024-09-01 01:13:58,112 - INFO - Saving output for query: AS197695 in format: csv
2024-09-01 01:13:58,114 - INFO - Processing query: AS49981
2024-09-01 01:13:58,114 - INFO - Retrieving IP ranges for ASN: 49981
2024-09-01 01:13:58,115 - DEBUG - Starting new HTTPS connection (1): bgp.he.net:443
2024-09-01 01:13:58,324 - DEBUG - https://bgp.he.net:443 "GET /AS49981 HTTP/11" 200 271003
2024-09-01 01:13:58,774 - INFO - IP ranges retrieved for ASN: 49981
2024-09-01 01:13:58,774 - INFO - Saving output for query: AS49981 in format: csv
2024-09-01 01:13:58,775 - INFO - Processing query: AS398478
2024-09-01 01:13:58,775 - INFO - Retrieving IP ranges for ASN: 398478
2024-09-01 01:13:58,776 - DEBUG - Starting new HTTPS connection (1): bgp.he.net:443
2024-09-01 01:13:58,986 - DEBUG - https://bgp.he.net:443 "GET /AS398478 HTTP/11" 200 57310
2024-09-01 01:13:59,141 - INFO - IP ranges retrieved for ASN: 398478
2024-09-01 01:13:59,141 - INFO - Saving output for query: AS398478 in format: csv
2024-09-01 01:13:59,142 - INFO - Processing query: AS19871
2024-09-01 01:13:59,142 - INFO - Retrieving IP ranges for ASN: 19871
2024-09-01 01:13:59,143 - DEBUG - Starting new HTTPS connection (1): bgp.he.net:443
2024-09-01 01:13:59,352 - DEBUG - https://bgp.he.net:443 "GET /AS19871 HTTP/11" 200 230109
2024-09-01 01:13:59,816 - INFO - IP ranges retrieved for ASN: 19871
2024-09-01 01:13:59,816 - INFO - Saving output for query: AS19871 in format: csv
2024-09-01 01:13:59,817 - INFO - Processing query: AS54467
2024-09-01 01:13:59,818 - INFO - Retrieving IP ranges for ASN: 54467
2024-09-01 01:13:59,819 - DEBUG - Starting new HTTPS connection (1): bgp.he.net:443
2024-09-01 01:14:00,028 - DEBUG - https://bgp.he.net:443 "GET /AS54467 HTTP/11" 200 43972
2024-09-01 01:14:00,165 - INFO - IP ranges retrieved for ASN: 54467
2024-09-01 01:14:00,165 - INFO - Saving output for query: AS54467 in format: csv
2024-09-01 01:14:00,166 - INFO - Processing query: AS209242
2024-09-01 01:14:00,167 - INFO - Retrieving IP ranges for ASN: 209242
2024-09-01 01:14:00,168 - DEBUG - Starting new HTTPS connection (1): bgp.he.net:443
2024-09-01 01:14:00,379 - DEBUG - https://bgp.he.net:443 "GET /AS209242 HTTP/11" 200 244683
2024-09-01 01:14:00,781 - INFO - IP ranges retrieved for ASN: 209242
2024-09-01 01:14:00,782 - INFO - Saving output for query: AS209242 in format: csv
2024-09-01 01:14:00,783 - INFO - Processing query: AS138915
2024-09-01 01:14:00,783 - INFO - Retrieving IP ranges for ASN: 138915
2024-09-01 01:14:00,784 - DEBUG - Starting new HTTPS connection (1): bgp.he.net:443
2024-09-01 01:14:00,996 - DEBUG - https://bgp.he.net:443 "GET /AS138915 HTTP/11" 200 621190
2024-09-01 01:14:01,777 - INFO - IP ranges retrieved for ASN: 138915
2024-09-01 01:14:01,777 - INFO - Saving output for query: AS138915 in format: csv
2024-09-01 01:14:01,779 - INFO - Processing query: AS33387
2024-09-01 01:14:01,779 - INFO - Retrieving IP ranges for ASN: 33387
2024-09-01 01:14:01,780 - DEBUG - Starting new HTTPS connection (1): bgp.he.net:443
2024-09-01 01:14:01,990 - DEBUG - https://bgp.he.net:443 "GET /AS33387 HTTP/11" 200 101317
2024-09-01 01:14:02,217 - INFO - IP ranges retrieved for ASN: 33387
2024-09-01 01:14:02,217 - INFO - Saving output for query: AS33387 in format: csv
2024-09-01 01:14:02,218 - INFO - Processing query: AS140227
2024-09-01 01:14:02,218 - INFO - Retrieving IP ranges for ASN: 140227
2024-09-01 01:14:02,219 - DEBUG - Starting new HTTPS connection (1): bgp.he.net:443
2024-09-01 01:14:02,429 - DEBUG - https://bgp.he.net:443 "GET /AS140227 HTTP/11" 200 206372
2024-09-01 01:14:02,741 - INFO - IP ranges retrieved for ASN: 140227
2024-09-01 01:14:02,742 - INFO - Saving output for query: AS140227 in format: csv
2024-09-01 01:14:02,743 - INFO - Processing query: AS46606
2024-09-01 01:14:02,743 - INFO - Retrieving IP ranges for ASN: 46606
2024-09-01 01:14:02,744 - DEBUG - Starting new HTTPS connection (1): bgp.he.net:443
2024-09-01 01:14:02,952 - DEBUG - https://bgp.he.net:443 "GET /AS46606 HTTP/11" 200 165975
2024-09-01 01:14:03,286 - INFO - IP ranges retrieved for ASN: 46606
2024-09-01 01:14:03,286 - INFO - Saving output for query: AS46606 in format: csv
2024-09-01 01:14:03,287 - INFO - Processing query: AS397423
2024-09-01 01:14:03,288 - INFO - Retrieving IP ranges for ASN: 397423
2024-09-01 01:14:03,289 - DEBUG - Starting new HTTPS connection (1): bgp.he.net:443
2024-09-01 01:14:03,498 - DEBUG - https://bgp.he.net:443 "GET /AS397423 HTTP/11" 200 216122
2024-09-01 01:14:03,873 - INFO - IP ranges retrieved for ASN: 397423
2024-09-01 01:14:03,874 - INFO - Saving output for query: AS397423 in format: csv
2024-09-01 01:14:03,875 - INFO - Processing query: AS198610
2024-09-01 01:14:03,875 - INFO - Retrieving IP ranges for ASN: 198610
2024-09-01 01:14:03,876 - DEBUG - Starting new HTTPS connection (1): bgp.he.net:443
2024-09-01 01:14:04,086 - DEBUG - https://bgp.he.net:443 "GET /AS198610 HTTP/11" 200 193652
2024-09-01 01:14:04,398 - INFO - IP ranges retrieved for ASN: 198610
2024-09-01 01:14:04,398 - INFO - Saving output for query: AS198610 in format: csv
2024-09-01 01:14:04,400 - INFO - Processing query: AS132203
2024-09-01 01:14:04,400 - INFO - Retrieving IP ranges for ASN: 132203
2024-09-01 01:14:04,401 - DEBUG - Starting new HTTPS connection (1): bgp.he.net:443
2024-09-01 01:14:04,612 - DEBUG - https://bgp.he.net:443 "GET /AS132203 HTTP/11" 200 743863
2024-09-01 01:14:05,504 - INFO - IP ranges retrieved for ASN: 132203
2024-09-01 01:14:05,504 - INFO - Saving output for query: AS132203 in format: csv
2024-09-01 01:14:05,507 - INFO - Processing query: AS44066
2024-09-01 01:14:05,507 - INFO - Retrieving IP ranges for ASN: 44066
2024-09-01 01:14:05,508 - DEBUG - Starting new HTTPS connection (1): bgp.he.net:443
2024-09-01 01:14:05,717 - DEBUG - https://bgp.he.net:443 "GET /AS44066 HTTP/11" 200 239102
2024-09-01 01:14:06,155 - INFO - IP ranges retrieved for ASN: 44066
2024-09-01 01:14:06,155 - INFO - Saving output for query: AS44066 in format: csv
